Copyright 1986-2022 Xilinx, Inc. All Rights Reserved. Copyright 2022-2024 Advanced Micro Devices, Inc. All Rights Reserved.
------------------------------------------------------------------------------------------------------------------------------------------------------------------------------------------------------------------------------
| Tool Version : Vivado v.2024.2 (win64) Build 5239630 Fri Nov 08 22:35:27 MST 2024
| Date         : Sun Mar  8 11:48:12 2026
| Host         : DESKTOP-88SD8FS running 64-bit major release  (build 9200)
| Command      : report_timing_summary -max_paths 10 -report_unconstrained -file dot_product_timing_summary_routed.rpt -pb dot_product_timing_summary_routed.pb -rpx dot_product_timing_summary_routed.rpx -warn_on_violation
| Design       : dot_product
| Device       : 7z020-clg484
| Speed File   : -1  PRODUCTION 1.12 2019-11-22
| Design State : Routed
------------------------------------------------------------------------------------------------------------------------------------------------------------------------------------------------------------------------------

Timing Summary Report

------------------------------------------------------------------------------------------------
| Timer Settings
| --------------
------------------------------------------------------------------------------------------------

  Enable Multi Corner Analysis               :  Yes
  Enable Pessimism Removal                   :  Yes
  Pessimism Removal Resolution               :  Nearest Common Node
  Enable Input Delay Default Clock           :  No
  Enable Preset / Clear Arcs                 :  No
  Disable Flight Delays                      :  No
  Ignore I/O Paths                           :  No
  Timing Early Launch at Borrowing Latches   :  No
  Borrow Time for Max Delay Exceptions       :  Yes
  Merge Timing Exceptions                    :  Yes
  Inter-SLR Compensation                     :  Conservative

  Corner  Analyze    Analyze    
  Name    Max Paths  Min Paths  
  ------  ---------  ---------  
  Slow    Yes        Yes        
  Fast    Yes        Yes        


------------------------------------------------------------------------------------------------
| Report Methodology
| ------------------
------------------------------------------------------------------------------------------------

Rule       Severity          Description                  Violations  
---------  ----------------  ---------------------------  ----------  
TIMING-17  Critical Warning  Non-clocked sequential cell  23          

Note: This report is based on the most recent report_methodology run and may not be up-to-date. Run report_methodology on the current design for the latest report.



check_timing report

Table of Contents
-----------------
1. checking no_clock (23)
2. checking constant_clock (0)
3. checking pulse_width_clock (0)
4. checking unconstrained_internal_endpoints (97)
5. checking no_input_delay (34)
6. checking no_output_delay (17)
7. checking multiple_clock (0)
8. checking generated_clocks (0)
9. checking loops (0)
10. checking partial_input_delay (0)
11. checking partial_output_delay (0)
12. checking latch_loops (0)

1. checking no_clock (23)
-------------------------
 There are 23 register/latch pins with no clock driven by root clock pin: clk (HIGH)


2. checking constant_clock (0)
------------------------------
 There are 0 register/latch pins with constant_clock.


3. checking pulse_width_clock (0)
---------------------------------
 There are 0 register/latch pins which need pulse_width check


4. checking unconstrained_internal_endpoints (97)
-------------------------------------------------
 There are 97 pins that are not constrained for maximum delay. (HIGH)

 There are 0 pins that are not constrained for maximum delay due to constant clock.


5. checking no_input_delay (34)
-------------------------------
 There are 34 input ports with no input delay specified. (HIGH)

 There are 0 input ports with no input delay but user has a false path constraint.


6. checking no_output_delay (17)
--------------------------------
 There are 17 ports with no output delay specified. (HIGH)

 There are 0 ports with no output delay but user has a false path constraint

 There are 0 ports with no output delay but with a timing clock defined on it or propagating through it


7. checking multiple_clock (0)
------------------------------
 There are 0 register/latch pins with multiple clocks.


8. checking generated_clocks (0)
--------------------------------
 There are 0 generated clocks that are not connected to a clock source.


9. checking loops (0)
---------------------
 There are 0 combinational loops in the design.


10. checking partial_input_delay (0)
------------------------------------
 There are 0 input ports with partial input delay specified.


11. checking partial_output_delay (0)
-------------------------------------
 There are 0 ports with partial output delay specified.


12. checking latch_loops (0)
----------------------------
 There are 0 combinational latch loops in the design through latch input



------------------------------------------------------------------------------------------------
| Design Timing Summary
| ---------------------
------------------------------------------------------------------------------------------------

    WNS(ns)      TNS(ns)  TNS Failing Endpoints  TNS Total Endpoints      WHS(ns)      THS(ns)  THS Failing Endpoints  THS Total Endpoints     WPWS(ns)     TPWS(ns)  TPWS Failing Endpoints  TPWS Total Endpoints  
    -------      -------  ---------------------  -------------------      -------      -------  ---------------------  -------------------     --------     --------  ----------------------  --------------------  
        inf        0.000                      0                  114          inf        0.000                      0                  114           NA           NA                      NA                    NA  


There are no user specified timing constraints.


------------------------------------------------------------------------------------------------
| Clock Summary
| -------------
------------------------------------------------------------------------------------------------


------------------------------------------------------------------------------------------------
| Intra Clock Table
| -----------------
------------------------------------------------------------------------------------------------

Clock             WNS(ns)      TNS(ns)  TNS Failing Endpoints  TNS Total Endpoints      WHS(ns)      THS(ns)  THS Failing Endpoints  THS Total Endpoints     WPWS(ns)     TPWS(ns)  TPWS Failing Endpoints  TPWS Total Endpoints  
-----             -------      -------  ---------------------  -------------------      -------      -------  ---------------------  -------------------     --------     --------  ----------------------  --------------------  


------------------------------------------------------------------------------------------------
| Inter Clock Table
| -----------------
------------------------------------------------------------------------------------------------

From Clock    To Clock          WNS(ns)      TNS(ns)  TNS Failing Endpoints  TNS Total Endpoints      WHS(ns)      THS(ns)  THS Failing Endpoints  THS Total Endpoints  
----------    --------          -------      -------  ---------------------  -------------------      -------      -------  ---------------------  -------------------  


------------------------------------------------------------------------------------------------
| Other Path Groups Table
| -----------------------
------------------------------------------------------------------------------------------------

Path Group    From Clock    To Clock          WNS(ns)      TNS(ns)  TNS Failing Endpoints  TNS Total Endpoints      WHS(ns)      THS(ns)  THS Failing Endpoints  THS Total Endpoints  
----------    ----------    --------          -------      -------  ---------------------  -------------------      -------      -------  ---------------------  -------------------  


------------------------------------------------------------------------------------------------
| User Ignored Path Table
| -----------------------
------------------------------------------------------------------------------------------------

Path Group    From Clock    To Clock    
----------    ----------    --------    


------------------------------------------------------------------------------------------------
| Unconstrained Path Table
| ------------------------
------------------------------------------------------------------------------------------------

Path Group    From Clock    To Clock    
----------    ----------    --------    
(none)                                    


------------------------------------------------------------------------------------------------
| Timing Details
| --------------
------------------------------------------------------------------------------------------------


--------------------------------------------------------------------------------------
Path Group:  (none)
From Clock:  
  To Clock:  

Max Delay           114 Endpoints
Min Delay           114 Endpoints
--------------------------------------------------------------------------------------


Max Delay Paths
--------------------------------------------------------------------------------------
Slack:                    inf
  Source:                 W[15]
                            (input port)
  Destination:            acc_reg/B[15]
  Path Group:             (none)
  Path Type:              Max at Slow Process Corner
  Data Path Delay:        5.593ns  (logic 0.966ns (17.271%)  route 4.627ns (82.729%))
  Logic Levels:           1  (IBUF=1)

    Location             Delay type                Incr(ns)  Path(ns)    Netlist Resource(s)
  -------------------------------------------------------------------    -------------------
    AB17                                              0.000     0.000 r  W[15] (IN)
                         net (fo=0)                   0.000     0.000    W[15]
    AB17                 IBUF (Prop_ibuf_I_O)         0.966     0.966 r  W_IBUF[15]_inst/O
                         net (fo=3, routed)           4.627     5.593    W_IBUF[15]
    DSP48_X0Y4           DSP48E1                                      r  acc_reg/B[15]
  -------------------------------------------------------------------    -------------------

Slack:                    inf
  Source:                 W[1]
                            (input port)
  Destination:            acc_reg/B[1]
  Path Group:             (none)
  Path Type:              Max at Slow Process Corner
  Data Path Delay:        5.525ns  (logic 0.958ns (17.337%)  route 4.567ns (82.663%))
  Logic Levels:           1  (IBUF=1)

    Location             Delay type                Incr(ns)  Path(ns)    Netlist Resource(s)
  -------------------------------------------------------------------    -------------------
    AB15                                              0.000     0.000 r  W[1] (IN)
                         net (fo=0)                   0.000     0.000    W[1]
    AB15                 IBUF (Prop_ibuf_I_O)         0.958     0.958 r  W_IBUF[1]_inst/O
                         net (fo=1, routed)           4.567     5.525    W_IBUF[1]
    DSP48_X0Y4           DSP48E1                                      r  acc_reg/B[1]
  -------------------------------------------------------------------    -------------------

Slack:                    inf
  Source:                 W[2]
                            (input port)
  Destination:            acc_reg/B[2]
  Path Group:             (none)
  Path Type:              Max at Slow Process Corner
  Data Path Delay:        5.486ns  (logic 0.967ns (17.620%)  route 4.519ns (82.380%))
  Logic Levels:           1  (IBUF=1)

    Location             Delay type                Incr(ns)  Path(ns)    Netlist Resource(s)
  -------------------------------------------------------------------    -------------------
    AB14                                              0.000     0.000 r  W[2] (IN)
                         net (fo=0)                   0.000     0.000    W[2]
    AB14                 IBUF (Prop_ibuf_I_O)         0.967     0.967 r  W_IBUF[2]_inst/O
                         net (fo=1, routed)           4.519     5.486    W_IBUF[2]
    DSP48_X0Y4           DSP48E1                                      r  acc_reg/B[2]
  -------------------------------------------------------------------    -------------------

Slack:                    inf
  Source:                 W[5]
                            (input port)
  Destination:            acc_reg/B[5]
  Path Group:             (none)
  Path Type:              Max at Slow Process Corner
  Data Path Delay:        5.479ns  (logic 0.964ns (17.600%)  route 4.515ns (82.400%))
  Logic Levels:           1  (IBUF=1)

    Location             Delay type                Incr(ns)  Path(ns)    Netlist Resource(s)
  -------------------------------------------------------------------    -------------------
    AA14                                              0.000     0.000 r  W[5] (IN)
                         net (fo=0)                   0.000     0.000    W[5]
    AA14                 IBUF (Prop_ibuf_I_O)         0.964     0.964 r  W_IBUF[5]_inst/O
                         net (fo=1, routed)           4.515     5.479    W_IBUF[5]
    DSP48_X0Y4           DSP48E1                                      r  acc_reg/B[5]
  -------------------------------------------------------------------    -------------------

Slack:                    inf
  Source:                 done_reg/C
                            (rising edge-triggered cell FDRE)
  Destination:            done
                            (output port)
  Path Group:             (none)
  Path Type:              Max at Slow Process Corner
  Data Path Delay:        5.472ns  (logic 3.148ns (57.526%)  route 2.324ns (42.474%))
  Logic Levels:           2  (FDRE=1 OBUF=1)

    Location             Delay type                Incr(ns)  Path(ns)    Netlist Resource(s)
  -------------------------------------------------------------------    -------------------
    SLICE_X1Y15          FDRE                         0.000     0.000 r  done_reg/C
    SLICE_X1Y15          FDRE (Prop_fdre_C_Q)         0.456     0.456 r  done_reg/Q
                         net (fo=1, routed)           2.324     2.780    done_OBUF
    AB12                 OBUF (Prop_obuf_I_O)         2.692     5.472 r  done_OBUF_inst/O
                         net (fo=0)                   0.000     5.472    done
    AB12                                                              r  done (OUT)
  -------------------------------------------------------------------    -------------------

Slack:                    inf
  Source:                 W[0]
                            (input port)
  Destination:            acc_reg/B[0]
  Path Group:             (none)
  Path Type:              Max at Slow Process Corner
  Data Path Delay:        5.466ns  (logic 0.932ns (17.054%)  route 4.534ns (82.946%))
  Logic Levels:           1  (IBUF=1)

    Location             Delay type                Incr(ns)  Path(ns)    Netlist Resource(s)
  -------------------------------------------------------------------    -------------------
    U14                                               0.000     0.000 r  W[0] (IN)
                         net (fo=0)                   0.000     0.000    W[0]
    U14                  IBUF (Prop_ibuf_I_O)         0.932     0.932 r  W_IBUF[0]_inst/O
                         net (fo=1, routed)           4.534     5.466    W_IBUF[0]
    DSP48_X0Y4           DSP48E1                                      r  acc_reg/B[0]
  -------------------------------------------------------------------    -------------------

Slack:                    inf
  Source:                 W[4]
                            (input port)
  Destination:            acc_reg/B[4]
  Path Group:             (none)
  Path Type:              Max at Slow Process Corner
  Data Path Delay:        5.464ns  (logic 0.956ns (17.496%)  route 4.508ns (82.504%))
  Logic Levels:           1  (IBUF=1)

    Location             Delay type                Incr(ns)  Path(ns)    Netlist Resource(s)
  -------------------------------------------------------------------    -------------------
    Y13                                               0.000     0.000 r  W[4] (IN)
                         net (fo=0)                   0.000     0.000    W[4]
    Y13                  IBUF (Prop_ibuf_I_O)         0.956     0.956 r  W_IBUF[4]_inst/O
                         net (fo=1, routed)           4.508     5.464    W_IBUF[4]
    DSP48_X0Y4           DSP48E1                                      r  acc_reg/B[4]
  -------------------------------------------------------------------    -------------------

Slack:                    inf
  Source:                 W[6]
                            (input port)
  Destination:            acc_reg/B[6]
  Path Group:             (none)
  Path Type:              Max at Slow Process Corner
  Data Path Delay:        5.443ns  (logic 0.970ns (17.821%)  route 4.473ns (82.179%))
  Logic Levels:           1  (IBUF=1)

    Location             Delay type                Incr(ns)  Path(ns)    Netlist Resource(s)
  -------------------------------------------------------------------    -------------------
    Y14                                               0.000     0.000 r  W[6] (IN)
                         net (fo=0)                   0.000     0.000    W[6]
    Y14                  IBUF (Prop_ibuf_I_O)         0.970     0.970 r  W_IBUF[6]_inst/O
                         net (fo=1, routed)           4.473     5.443    W_IBUF[6]
    DSP48_X0Y4           DSP48E1                                      r  acc_reg/B[6]
  -------------------------------------------------------------------    -------------------

Slack:                    inf
  Source:                 W[12]
                            (input port)
  Destination:            acc_reg/B[12]
  Path Group:             (none)
  Path Type:              Max at Slow Process Corner
  Data Path Delay:        5.375ns  (logic 0.964ns (17.931%)  route 4.411ns (82.069%))
  Logic Levels:           1  (IBUF=1)

    Location             Delay type                Incr(ns)  Path(ns)    Netlist Resource(s)
  -------------------------------------------------------------------    -------------------
    V14                                               0.000     0.000 r  W[12] (IN)
                         net (fo=0)                   0.000     0.000    W[12]
    V14                  IBUF (Prop_ibuf_I_O)         0.964     0.964 r  W_IBUF[12]_inst/O
                         net (fo=1, routed)           4.411     5.375    W_IBUF[12]
    DSP48_X0Y4           DSP48E1                                      r  acc_reg/B[12]
  -------------------------------------------------------------------    -------------------

Slack:                    inf
  Source:                 W[11]
                            (input port)
  Destination:            acc_reg/B[11]
  Path Group:             (none)
  Path Type:              Max at Slow Process Corner
  Data Path Delay:        5.347ns  (logic 0.948ns (17.730%)  route 4.399ns (82.270%))
  Logic Levels:           1  (IBUF=1)

    Location             Delay type                Incr(ns)  Path(ns)    Netlist Resource(s)
  -------------------------------------------------------------------    -------------------
    V15                                               0.000     0.000 r  W[11] (IN)
                         net (fo=0)                   0.000     0.000    W[11]
    V15                  IBUF (Prop_ibuf_I_O)         0.948     0.948 r  W_IBUF[11]_inst/O
                         net (fo=1, routed)           4.399     5.347    W_IBUF[11]
    DSP48_X0Y4           DSP48E1                                      r  acc_reg/B[11]
  -------------------------------------------------------------------    -------------------





Min Delay Paths
--------------------------------------------------------------------------------------
Slack:                    inf
  Source:                 busy_reg/C
                            (rising edge-triggered cell FDRE)
  Destination:            count_reg[0]/CE
  Path Group:             (none)
  Path Type:              Min at Fast Process Corner
  Data Path Delay:        0.335ns  (logic 0.164ns (48.987%)  route 0.171ns (51.013%))
  Logic Levels:           1  (FDRE=1)

    Location             Delay type                Incr(ns)  Path(ns)    Netlist Resource(s)
  -------------------------------------------------------------------    -------------------
    SLICE_X0Y15          FDRE                         0.000     0.000 r  busy_reg/C
    SLICE_X0Y15          FDRE (Prop_fdre_C_Q)         0.164     0.164 r  busy_reg/Q
                         net (fo=10, routed)          0.171     0.335    busy
    SLICE_X0Y14          FDRE                                         r  count_reg[0]/CE
  -------------------------------------------------------------------    -------------------

Slack:                    inf
  Source:                 busy_reg/C
                            (rising edge-triggered cell FDRE)
  Destination:            count_reg[1]/CE
  Path Group:             (none)
  Path Type:              Min at Fast Process Corner
  Data Path Delay:        0.335ns  (logic 0.164ns (48.987%)  route 0.171ns (51.013%))
  Logic Levels:           1  (FDRE=1)

    Location             Delay type                Incr(ns)  Path(ns)    Netlist Resource(s)
  -------------------------------------------------------------------    -------------------
    SLICE_X0Y15          FDRE                         0.000     0.000 r  busy_reg/C
    SLICE_X0Y15          FDRE (Prop_fdre_C_Q)         0.164     0.164 r  busy_reg/Q
                         net (fo=10, routed)          0.171     0.335    busy
    SLICE_X0Y14          FDRE                                         r  count_reg[1]/CE
  -------------------------------------------------------------------    -------------------

Slack:                    inf
  Source:                 busy_reg/C
                            (rising edge-triggered cell FDRE)
  Destination:            count_reg[2]/CE
  Path Group:             (none)
  Path Type:              Min at Fast Process Corner
  Data Path Delay:        0.335ns  (logic 0.164ns (48.987%)  route 0.171ns (51.013%))
  Logic Levels:           1  (FDRE=1)

    Location             Delay type                Incr(ns)  Path(ns)    Netlist Resource(s)
  -------------------------------------------------------------------    -------------------
    SLICE_X0Y15          FDRE                         0.000     0.000 r  busy_reg/C
    SLICE_X0Y15          FDRE (Prop_fdre_C_Q)         0.164     0.164 r  busy_reg/Q
                         net (fo=10, routed)          0.171     0.335    busy
    SLICE_X0Y14          FDRE                                         r  count_reg[2]/CE
  -------------------------------------------------------------------    -------------------

Slack:                    inf
  Source:                 busy_reg/C
                            (rising edge-triggered cell FDRE)
  Destination:            count_reg[3]/CE
  Path Group:             (none)
  Path Type:              Min at Fast Process Corner
  Data Path Delay:        0.335ns  (logic 0.164ns (48.987%)  route 0.171ns (51.013%))
  Logic Levels:           1  (FDRE=1)

    Location             Delay type                Incr(ns)  Path(ns)    Netlist Resource(s)
  -------------------------------------------------------------------    -------------------
    SLICE_X0Y15          FDRE                         0.000     0.000 r  busy_reg/C
    SLICE_X0Y15          FDRE (Prop_fdre_C_Q)         0.164     0.164 r  busy_reg/Q
                         net (fo=10, routed)          0.171     0.335    busy
    SLICE_X0Y14          FDRE                                         r  count_reg[3]/CE
  -------------------------------------------------------------------    -------------------

Slack:                    inf
  Source:                 count_reg[0]/C
                            (rising edge-triggered cell FDRE)
  Destination:            count_reg[1]/D
  Path Group:             (none)
  Path Type:              Min at Fast Process Corner
  Data Path Delay:        0.381ns  (logic 0.207ns (54.301%)  route 0.174ns (45.699%))
  Logic Levels:           2  (FDRE=1 LUT2=1)

    Location             Delay type                Incr(ns)  Path(ns)    Netlist Resource(s)
  -------------------------------------------------------------------    -------------------
    SLICE_X0Y14          FDRE                         0.000     0.000 r  count_reg[0]/C
    SLICE_X0Y14          FDRE (Prop_fdre_C_Q)         0.164     0.164 r  count_reg[0]/Q
                         net (fo=4, routed)           0.174     0.338    count_reg_n_0_[0]
    SLICE_X0Y14          LUT2 (Prop_lut2_I0_O)        0.043     0.381 r  count[1]_i_1/O
                         net (fo=1, routed)           0.000     0.381    p_0_in[1]
    SLICE_X0Y14          FDRE                                         r  count_reg[1]/D
  -------------------------------------------------------------------    -------------------

Slack:                    inf
  Source:                 count_reg[0]/C
                            (rising edge-triggered cell FDRE)
  Destination:            count_reg[3]/D
  Path Group:             (none)
  Path Type:              Min at Fast Process Corner
  Data Path Delay:        0.381ns  (logic 0.207ns (54.301%)  route 0.174ns (45.699%))
  Logic Levels:           2  (FDRE=1 LUT4=1)

    Location             Delay type                Incr(ns)  Path(ns)    Netlist Resource(s)
  -------------------------------------------------------------------    -------------------
    SLICE_X0Y14          FDRE                         0.000     0.000 r  count_reg[0]/C
    SLICE_X0Y14          FDRE (Prop_fdre_C_Q)         0.164     0.164 r  count_reg[0]/Q
                         net (fo=4, routed)           0.174     0.338    count_reg_n_0_[0]
    SLICE_X0Y14          LUT4 (Prop_lut4_I1_O)        0.043     0.381 r  count[3]_i_1/O
                         net (fo=1, routed)           0.000     0.381    p_0_in[3]
    SLICE_X0Y14          FDRE                                         r  count_reg[3]/D
  -------------------------------------------------------------------    -------------------

Slack:                    inf
  Source:                 count_reg[0]/C
                            (rising edge-triggered cell FDRE)
  Destination:            count_reg[0]/D
  Path Group:             (none)
  Path Type:              Min at Fast Process Corner
  Data Path Delay:        0.383ns  (logic 0.209ns (54.540%)  route 0.174ns (45.460%))
  Logic Levels:           2  (FDRE=1 LUT1=1)

    Location             Delay type                Incr(ns)  Path(ns)    Netlist Resource(s)
  -------------------------------------------------------------------    -------------------
    SLICE_X0Y14          FDRE                         0.000     0.000 r  count_reg[0]/C
    SLICE_X0Y14          FDRE (Prop_fdre_C_Q)         0.164     0.164 f  count_reg[0]/Q
                         net (fo=4, routed)           0.174     0.338    count_reg_n_0_[0]
    SLICE_X0Y14          LUT1 (Prop_lut1_I0_O)        0.045     0.383 r  count[0]_i_1/O
                         net (fo=1, routed)           0.000     0.383    p_0_in[0]
    SLICE_X0Y14          FDRE                                         r  count_reg[0]/D
  -------------------------------------------------------------------    -------------------

Slack:                    inf
  Source:                 count_reg[0]/C
                            (rising edge-triggered cell FDRE)
  Destination:            count_reg[2]/D
  Path Group:             (none)
  Path Type:              Min at Fast Process Corner
  Data Path Delay:        0.383ns  (logic 0.209ns (54.540%)  route 0.174ns (45.460%))
  Logic Levels:           2  (FDRE=1 LUT3=1)

    Location             Delay type                Incr(ns)  Path(ns)    Netlist Resource(s)
  -------------------------------------------------------------------    -------------------
    SLICE_X0Y14          FDRE                         0.000     0.000 r  count_reg[0]/C
    SLICE_X0Y14          FDRE (Prop_fdre_C_Q)         0.164     0.164 r  count_reg[0]/Q
                         net (fo=4, routed)           0.174     0.338    count_reg_n_0_[0]
    SLICE_X0Y14          LUT3 (Prop_lut3_I0_O)        0.045     0.383 r  count[2]_i_1/O
                         net (fo=1, routed)           0.000     0.383    p_0_in[2]
    SLICE_X0Y14          FDRE                                         r  count_reg[2]/D
  -------------------------------------------------------------------    -------------------

Slack:                    inf
  Source:                 busy_reg/C
                            (rising edge-triggered cell FDRE)
  Destination:            done_reg/D
  Path Group:             (none)
  Path Type:              Min at Fast Process Corner
  Data Path Delay:        0.412ns  (logic 0.164ns (39.845%)  route 0.248ns (60.155%))
  Logic Levels:           1  (FDRE=1)

    Location             Delay type                Incr(ns)  Path(ns)    Netlist Resource(s)
  -------------------------------------------------------------------    -------------------
    SLICE_X0Y15          FDRE                         0.000     0.000 r  busy_reg/C
    SLICE_X0Y15          FDRE (Prop_fdre_C_Q)         0.164     0.164 r  busy_reg/Q
                         net (fo=10, routed)          0.248     0.412    busy
    SLICE_X1Y15          FDRE                                         r  done_reg/D
  -------------------------------------------------------------------    -------------------

Slack:                    inf
  Source:                 busy_reg/C
                            (rising edge-triggered cell FDRE)
  Destination:            busy_reg/D
  Path Group:             (none)
  Path Type:              Min at Fast Process Corner
  Data Path Delay:        0.432ns  (logic 0.209ns (48.389%)  route 0.223ns (51.611%))
  Logic Levels:           2  (FDRE=1 LUT4=1)

    Location             Delay type                Incr(ns)  Path(ns)    Netlist Resource(s)
  -------------------------------------------------------------------    -------------------
    SLICE_X0Y15          FDRE                         0.000     0.000 r  busy_reg/C
    SLICE_X0Y15          FDRE (Prop_fdre_C_Q)         0.164     0.164 r  busy_reg/Q
                         net (fo=10, routed)          0.223     0.387    busy
    SLICE_X0Y15          LUT4 (Prop_lut4_I1_O)        0.045     0.432 r  busy_i_1/O
                         net (fo=1, routed)           0.000     0.432    busy_i_1_n_0
    SLICE_X0Y15          FDRE                                         r  busy_reg/D
  -------------------------------------------------------------------    -------------------





