
*** Running vivado
    with args -log top_level.vdi -applog -m64 -product Vivado -messageDb vivado.pb -mode batch -source top_level.tcl -notrace



****** Vivado v2024.2 (64-bit)
  **** SW Build 5239630 on Fri Nov 08 22:35:27 MST 2024
  **** IP Build 5239520 on Sun Nov 10 16:12:51 MST 2024
  **** SharedData Build 5239561 on Fri Nov 08 14:39:27 MST 2024
  **** Start of session at: Tue Mar 10 12:39:03 2026
    ** Copyright 1986-2022 Xilinx, Inc. All Rights Reserved.
    ** Copyright 2022-2024 Advanced Micro Devices, Inc. All Rights Reserved.

source top_level.tcl -notrace
INFO: [IP_Flow 19-234] Refreshing IP repositories
INFO: [IP_Flow 19-1700] Loaded user IP repository 'c:/Users/Ahmed/Desktop/MedEdge-Transformer/FPGA/Transformer/ip_repo/transformer_axi_1_0'.
WARNING: [IP_Flow 19-2207] Repository 'c:/Users/Ahmed/Desktop/MedEdge-Transformer/FPGA/Transformer/ip_repo/transformer_axi_1_0' already exists; ignoring attempt to add it again.
INFO: [IP_Flow 19-1700] Loaded user IP repository 'c:/Users/Ahmed/Desktop/MedEdge-Transformer/FPGA/Transformer/ip_repo/transformer_axi_1_0'.
INFO: [IP_Flow 19-2313] Loaded Vivado IP repository 'C:/Xilinx/Vivado/2024.2/data/ip'.
WARNING: [IP_Flow 19-4995] The host OS only allows 260 characters in a normal path. The IP cache path is more than 80 characters. If you experience issues with IP caching, please consider changing the IP cache to a location with a shorter path. Alternately consider using the OS subst command to map part of the path to a drive letter. 
Current IP cache path is C:/Users/Ahmed/Desktop/MedEdge-Transformer/FPGA/Transformer/Transformer/Transformer.cache/ip 
Command: link_design -top top_level -part xc7z020clg484-1
Design is defaulting to srcset: sources_1
Design is defaulting to constrset: constrs_1
INFO: [Device 21-403] Loading part xc7z020clg484-1
Netlist sorting complete. Time (s): cpu = 00:00:01 ; elapsed = 00:00:00.203 . Memory (MB): peak = 610.727 ; gain = 0.000
INFO: [Netlist 29-17] Analyzing 277 Unisim elements for replacement
INFO: [Netlist 29-28] Unisim Transformation completed in 0 CPU seconds
INFO: [Project 1-479] Netlist was created with Vivado 2024.2
INFO: [Project 1-570] Preparing netlist for logic optimization
Parsing XDC File [c:/Users/Ahmed/Desktop/MedEdge-Transformer/FPGA/Transformer/Transformer/Transformer.gen/sources_1/bd/design_1/ip/design_1_processing_system7_0_2/design_1_processing_system7_0_2.xdc] for cell 'design_1_wrapper_i/design_1_i/processing_system7_0/inst'
Finished Parsing XDC File [c:/Users/Ahmed/Desktop/MedEdge-Transformer/FPGA/Transformer/Transformer/Transformer.gen/sources_1/bd/design_1/ip/design_1_processing_system7_0_2/design_1_processing_system7_0_2.xdc] for cell 'design_1_wrapper_i/design_1_i/processing_system7_0/inst'
Parsing XDC File [c:/Users/Ahmed/Desktop/MedEdge-Transformer/FPGA/Transformer/Transformer/Transformer.gen/sources_1/bd/design_1/ip/design_1_axi_smc_2/bd_0/ip/ip_1/bd_6e42_psr_aclk_0_board.xdc] for cell 'design_1_wrapper_i/design_1_i/axi_smc/inst/clk_map/psr_aclk/U0'
Finished Parsing XDC File [c:/Users/Ahmed/Desktop/MedEdge-Transformer/FPGA/Transformer/Transformer/Transformer.gen/sources_1/bd/design_1/ip/design_1_axi_smc_2/bd_0/ip/ip_1/bd_6e42_psr_aclk_0_board.xdc] for cell 'design_1_wrapper_i/design_1_i/axi_smc/inst/clk_map/psr_aclk/U0'
Parsing XDC File [c:/Users/Ahmed/Desktop/MedEdge-Transformer/FPGA/Transformer/Transformer/Transformer.gen/sources_1/bd/design_1/ip/design_1_axi_smc_2/bd_0/ip/ip_1/bd_6e42_psr_aclk_0.xdc] for cell 'design_1_wrapper_i/design_1_i/axi_smc/inst/clk_map/psr_aclk/U0'
Finished Parsing XDC File [c:/Users/Ahmed/Desktop/MedEdge-Transformer/FPGA/Transformer/Transformer/Transformer.gen/sources_1/bd/design_1/ip/design_1_axi_smc_2/bd_0/ip/ip_1/bd_6e42_psr_aclk_0.xdc] for cell 'design_1_wrapper_i/design_1_i/axi_smc/inst/clk_map/psr_aclk/U0'
Parsing XDC File [c:/Users/Ahmed/Desktop/MedEdge-Transformer/FPGA/Transformer/Transformer/Transformer.gen/sources_1/bd/design_1/ip/design_1_axi_smc_2/smartconnect.xdc] for cell 'design_1_wrapper_i/design_1_i/axi_smc/inst'
Finished Parsing XDC File [c:/Users/Ahmed/Desktop/MedEdge-Transformer/FPGA/Transformer/Transformer/Transformer.gen/sources_1/bd/design_1/ip/design_1_axi_smc_2/smartconnect.xdc] for cell 'design_1_wrapper_i/design_1_i/axi_smc/inst'
Parsing XDC File [c:/Users/Ahmed/Desktop/MedEdge-Transformer/FPGA/Transformer/Transformer/Transformer.gen/sources_1/bd/design_1/ip/design_1_rst_ps7_0_100M_2/design_1_rst_ps7_0_100M_2_board.xdc] for cell 'design_1_wrapper_i/design_1_i/rst_ps7_0_100M/U0'
Finished Parsing XDC File [c:/Users/Ahmed/Desktop/MedEdge-Transformer/FPGA/Transformer/Transformer/Transformer.gen/sources_1/bd/design_1/ip/design_1_rst_ps7_0_100M_2/design_1_rst_ps7_0_100M_2_board.xdc] for cell 'design_1_wrapper_i/design_1_i/rst_ps7_0_100M/U0'
Parsing XDC File [c:/Users/Ahmed/Desktop/MedEdge-Transformer/FPGA/Transformer/Transformer/Transformer.gen/sources_1/bd/design_1/ip/design_1_rst_ps7_0_100M_2/design_1_rst_ps7_0_100M_2.xdc] for cell 'design_1_wrapper_i/design_1_i/rst_ps7_0_100M/U0'
WARNING: [Vivado_Tcl 4-921] Waiver ID 'CDC-11' -to list should not be empty. [c:/Users/Ahmed/Desktop/MedEdge-Transformer/FPGA/Transformer/Transformer/Transformer.gen/sources_1/bd/design_1/ip/design_1_rst_ps7_0_100M_2/design_1_rst_ps7_0_100M_2.xdc:50]
Finished Parsing XDC File [c:/Users/Ahmed/Desktop/MedEdge-Transformer/FPGA/Transformer/Transformer/Transformer.gen/sources_1/bd/design_1/ip/design_1_rst_ps7_0_100M_2/design_1_rst_ps7_0_100M_2.xdc] for cell 'design_1_wrapper_i/design_1_i/rst_ps7_0_100M/U0'
INFO: [Project 1-1714] 14 XPM XDC files have been applied to the design.
INFO: [Opt 31-138] Pushed 0 inverter(s) to 0 load pin(s).
INFO: [Project 1-1687] 1 scoped IP constraints or related sub-commands were skipped due to synthesis logic optimizations usually triggered by constant connectivity or unconnected output pins. To review the skipped constraints and messages, run the command 'set_param netlist.IPMsgFiltering false' before opening the design.
Netlist sorting complete. Time (s): cpu = 00:00:00 ; elapsed = 00:00:00.001 . Memory (MB): peak = 775.695 ; gain = 0.000
INFO: [Project 1-111] Unisim Transformation Summary:
No Unisim elements were transformed.

13 Infos, 3 Warnings, 0 Critical Warnings and 0 Errors encountered.
link_design completed successfully
link_design: Time (s): cpu = 00:00:09 ; elapsed = 00:00:10 . Memory (MB): peak = 775.695 ; gain = 413.344
Command: opt_design
Attempting to get a license for feature 'Implementation' and/or device 'xc7z020'
INFO: [Common 17-349] Got license for feature 'Implementation' and/or device 'xc7z020'
Running DRC as a precondition to command opt_design

Starting DRC Task
INFO: [DRC 23-27] Running DRC with 2 threads
INFO: [Project 1-461] DRC finished with 0 Errors
INFO: [Project 1-462] Please refer to the DRC report (report_drc) for more information.

Time (s): cpu = 00:00:02 ; elapsed = 00:00:01 . Memory (MB): peak = 811.488 ; gain = 35.793

Starting Cache Timing Information Task
INFO: [Timing 38-35] Done setting XDC timing constraints.
Ending Cache Timing Information Task | Checksum: 13a49528e

Time (s): cpu = 00:00:07 ; elapsed = 00:00:07 . Memory (MB): peak = 1302.449 ; gain = 490.961

Starting Logic Optimization Task

Phase 1 Initialization

Phase 1.1 Core Generation And Design Setup
Phase 1.1 Core Generation And Design Setup | Checksum: 13a49528e

Time (s): cpu = 00:00:00 ; elapsed = 00:00:00.010 . Memory (MB): peak = 1703.621 ; gain = 0.000

Phase 1.2 Setup Constraints And Sort Netlist
Phase 1.2 Setup Constraints And Sort Netlist | Checksum: 13a49528e

Time (s): cpu = 00:00:00 ; elapsed = 00:00:00.019 . Memory (MB): peak = 1703.621 ; gain = 0.000
Phase 1 Initialization | Checksum: 13a49528e

Time (s): cpu = 00:00:00 ; elapsed = 00:00:00.023 . Memory (MB): peak = 1703.621 ; gain = 0.000

Phase 2 Timer Update And Timing Data Collection

Phase 2.1 Timer Update
Phase 2.1 Timer Update | Checksum: 13a49528e

Time (s): cpu = 00:00:00 ; elapsed = 00:00:00.111 . Memory (MB): peak = 1703.621 ; gain = 0.000

Phase 2.2 Timing Data Collection
Phase 2.2 Timing Data Collection | Checksum: 13a49528e

Time (s): cpu = 00:00:00 ; elapsed = 00:00:00.130 . Memory (MB): peak = 1703.621 ; gain = 0.000
Phase 2 Timer Update And Timing Data Collection | Checksum: 13a49528e

Time (s): cpu = 00:00:00 ; elapsed = 00:00:00.133 . Memory (MB): peak = 1703.621 ; gain = 0.000

Phase 3 Retarget
INFO: [Opt 31-1851] Number of loadless carry chains removed were: 0
INFO: [Opt 31-1834] Total Chains To Be Transformed Were: 0 AND Number of Transformed insts Created are: 0
INFO: [Opt 31-138] Pushed 10 inverter(s) to 28 load pin(s).
INFO: [Opt 31-49] Retargeted 0 cell(s).
Phase 3 Retarget | Checksum: 9e11777f

Time (s): cpu = 00:00:00 ; elapsed = 00:00:00.210 . Memory (MB): peak = 1703.621 ; gain = 0.000
Retarget | Checksum: 9e11777f
INFO: [Opt 31-389] Phase Retarget created 0 cells and removed 34 cells
INFO: [Opt 31-1021] In phase Retarget, 20 netlist objects are constrained preventing optimization. Please run opt_design with -debug_log to get more detail. 

Phase 4 Constant propagation
INFO: [Opt 31-138] Pushed 0 inverter(s) to 0 load pin(s).
Phase 4 Constant propagation | Checksum: 9e11777f

Time (s): cpu = 00:00:00 ; elapsed = 00:00:00.240 . Memory (MB): peak = 1703.621 ; gain = 0.000
Constant propagation | Checksum: 9e11777f
INFO: [Opt 31-389] Phase Constant propagation created 0 cells and removed 0 cells
INFO: [Opt 31-1021] In phase Constant propagation, 20 netlist objects are constrained preventing optimization. Please run opt_design with -debug_log to get more detail. 

Phase 5 Sweep
INFO: [Constraints 18-11670] Building netlist checker database with flags, 0x8
Done building netlist checker database: Time (s): cpu = 00:00:00 ; elapsed = 00:00:00.001 . Memory (MB): peak = 1703.621 ; gain = 0.000
INFO: [Constraints 18-11670] Building netlist checker database with flags, 0x8
Done building netlist checker database: Time (s): cpu = 00:00:00 ; elapsed = 00:00:00.001 . Memory (MB): peak = 1703.621 ; gain = 0.000
Phase 5 Sweep | Checksum: ac9bf42c

Time (s): cpu = 00:00:00 ; elapsed = 00:00:00.586 . Memory (MB): peak = 1703.621 ; gain = 0.000
Sweep | Checksum: ac9bf42c
INFO: [Opt 31-389] Phase Sweep created 0 cells and removed 25 cells
INFO: [Opt 31-1021] In phase Sweep, 25 netlist objects are constrained preventing optimization. Please run opt_design with -debug_log to get more detail. 

Phase 6 BUFG optimization
Phase 6 BUFG optimization | Checksum: ac9bf42c

Time (s): cpu = 00:00:01 ; elapsed = 00:00:00.657 . Memory (MB): peak = 1703.621 ; gain = 0.000
BUFG optimization | Checksum: ac9bf42c
INFO: [Opt 31-662] Phase BUFG optimization created 0 cells of which 0 are BUFGs and removed 0 cells.

Phase 7 Shift Register Optimization
INFO: [Opt 31-1064] SRL Remap converted 0 SRLs to 0 registers and converted 0 registers of register chains to 0 SRLs
Phase 7 Shift Register Optimization | Checksum: ac9bf42c

Time (s): cpu = 00:00:01 ; elapsed = 00:00:00.673 . Memory (MB): peak = 1703.621 ; gain = 0.000
Shift Register Optimization | Checksum: ac9bf42c
INFO: [Opt 31-389] Phase Shift Register Optimization created 0 cells and removed 0 cells

Phase 8 Post Processing Netlist
Phase 8 Post Processing Netlist | Checksum: ac9bf42c

Time (s): cpu = 00:00:01 ; elapsed = 00:00:00.694 . Memory (MB): peak = 1703.621 ; gain = 0.000
Post Processing Netlist | Checksum: ac9bf42c
INFO: [Opt 31-389] Phase Post Processing Netlist created 0 cells and removed 0 cells
INFO: [Opt 31-1021] In phase Post Processing Netlist, 20 netlist objects are constrained preventing optimization. Please run opt_design with -debug_log to get more detail. 

Phase 9 Finalization

Phase 9.1 Finalizing Design Cores and Updating Shapes
Phase 9.1 Finalizing Design Cores and Updating Shapes | Checksum: 12f295b0c

Time (s): cpu = 00:00:01 ; elapsed = 00:00:00.765 . Memory (MB): peak = 1703.621 ; gain = 0.000

Phase 9.2 Verifying Netlist Connectivity

Starting Connectivity Check Task

Time (s): cpu = 00:00:00 ; elapsed = 00:00:00.013 . Memory (MB): peak = 1703.621 ; gain = 0.000
Phase 9.2 Verifying Netlist Connectivity | Checksum: 12f295b0c

Time (s): cpu = 00:00:01 ; elapsed = 00:00:00.782 . Memory (MB): peak = 1703.621 ; gain = 0.000
Phase 9 Finalization | Checksum: 12f295b0c

Time (s): cpu = 00:00:01 ; elapsed = 00:00:00.786 . Memory (MB): peak = 1703.621 ; gain = 0.000
Opt_design Change Summary
=========================


-------------------------------------------------------------------------------------------------------------------------
|  Phase                        |  #Cells created  |  #Cells Removed  |  #Constrained objects preventing optimizations  |
-------------------------------------------------------------------------------------------------------------------------
|  Retarget                     |               0  |              34  |                                             20  |
|  Constant propagation         |               0  |               0  |                                             20  |
|  Sweep                        |               0  |              25  |                                             25  |
|  BUFG optimization            |               0  |               0  |                                              0  |
|  Shift Register Optimization  |               0  |               0  |                                              0  |
|  Post Processing Netlist      |               0  |               0  |                                             20  |
-------------------------------------------------------------------------------------------------------------------------


Ending Logic Optimization Task | Checksum: 12f295b0c

Time (s): cpu = 00:00:01 ; elapsed = 00:00:00.791 . Memory (MB): peak = 1703.621 ; gain = 0.000

Starting Power Optimization Task
INFO: [Pwropt 34-132] Skipping clock gating for clocks with a period < 2.00 ns.
Ending Power Optimization Task | Checksum: 12f295b0c

Time (s): cpu = 00:00:00 ; elapsed = 00:00:00.020 . Memory (MB): peak = 1703.621 ; gain = 0.000

Starting Final Cleanup Task
Ending Final Cleanup Task | Checksum: 12f295b0c

Time (s): cpu = 00:00:00 ; elapsed = 00:00:00.004 . Memory (MB): peak = 1703.621 ; gain = 0.000

Starting Netlist Obfuscation Task
Netlist sorting complete. Time (s): cpu = 00:00:00 ; elapsed = 00:00:00.001 . Memory (MB): peak = 1703.621 ; gain = 0.000
Ending Netlist Obfuscation Task | Checksum: 12f295b0c

Time (s): cpu = 00:00:00 ; elapsed = 00:00:00.005 . Memory (MB): peak = 1703.621 ; gain = 0.000
INFO: [Common 17-83] Releasing license: Implementation
38 Infos, 3 Warnings, 0 Critical Warnings and 0 Errors encountered.
opt_design completed successfully
opt_design: Time (s): cpu = 00:00:14 ; elapsed = 00:00:13 . Memory (MB): peak = 1703.621 ; gain = 927.926
INFO: [Vivado 12-24828] Executing command : report_drc -file top_level_drc_opted.rpt -pb top_level_drc_opted.pb -rpx top_level_drc_opted.rpx
Command: report_drc -file top_level_drc_opted.rpt -pb top_level_drc_opted.pb -rpx top_level_drc_opted.rpx
INFO: [IP_Flow 19-1839] IP Catalog is up to date.
INFO: [DRC 23-27] Running DRC with 2 threads
INFO: [Vivado_Tcl 2-168] The results of DRC are in file C:/Users/Ahmed/Desktop/MedEdge-Transformer/FPGA/Transformer/Transformer/Transformer.runs/impl_1/top_level_drc_opted.rpt.
report_drc completed successfully
INFO: [Timing 38-480] Writing timing data to binary archive.
Write ShapeDB Complete: Time (s): cpu = 00:00:00 ; elapsed = 00:00:00.012 . Memory (MB): peak = 1703.621 ; gain = 0.000
Wrote PlaceDB: Time (s): cpu = 00:00:00 ; elapsed = 00:00:00.020 . Memory (MB): peak = 1703.621 ; gain = 0.000
Wrote PulsedLatchDB: Time (s): cpu = 00:00:00 ; elapsed = 00:00:00 . Memory (MB): peak = 1703.621 ; gain = 0.000
Writing XDEF routing.
Writing XDEF routing logical nets.
Writing XDEF routing special nets.
Wrote RouteStorage: Time (s): cpu = 00:00:01 ; elapsed = 00:00:00.028 . Memory (MB): peak = 1703.621 ; gain = 0.000
Wrote Netlist Cache: Time (s): cpu = 00:00:00 ; elapsed = 00:00:00.001 . Memory (MB): peak = 1703.621 ; gain = 0.000
Wrote Device Cache: Time (s): cpu = 00:00:00 ; elapsed = 00:00:00.016 . Memory (MB): peak = 1703.621 ; gain = 0.000
Write Physdb Complete: Time (s): cpu = 00:00:01 ; elapsed = 00:00:00.077 . Memory (MB): peak = 1703.621 ; gain = 0.000
INFO: [Common 17-1381] The checkpoint 'C:/Users/Ahmed/Desktop/MedEdge-Transformer/FPGA/Transformer/Transformer/Transformer.runs/impl_1/top_level_opt.dcp' has been generated.
Command: place_design
Attempting to get a license for feature 'Implementation' and/or device 'xc7z020'
INFO: [Common 17-349] Got license for feature 'Implementation' and/or device 'xc7z020'
INFO: [Common 17-83] Releasing license: Implementation
INFO: [DRC 23-27] Running DRC with 2 threads
INFO: [Vivado_Tcl 4-198] DRC finished with 0 Errors
INFO: [Vivado_Tcl 4-199] Please refer to the DRC report (report_drc) for more information.
Running DRC as a precondition to command place_design
INFO: [DRC 23-27] Running DRC with 2 threads
INFO: [Vivado_Tcl 4-198] DRC finished with 0 Errors
INFO: [Vivado_Tcl 4-199] Please refer to the DRC report (report_drc) for more information.
INFO: [Place 30-611] Multithreading enabled for place_design using a maximum of 2 CPUs

Starting Placer Task

Phase 1 Placer Initialization

Phase 1.1 Placer Initialization Netlist Sorting
Netlist sorting complete. Time (s): cpu = 00:00:00 ; elapsed = 00:00:00.002 . Memory (MB): peak = 1703.621 ; gain = 0.000
Phase 1.1 Placer Initialization Netlist Sorting | Checksum: 12ad64126

Time (s): cpu = 00:00:00 ; elapsed = 00:00:00.011 . Memory (MB): peak = 1703.621 ; gain = 0.000
Netlist sorting complete. Time (s): cpu = 00:00:00 ; elapsed = 00:00:00.001 . Memory (MB): peak = 1703.621 ; gain = 0.000

Phase 1.2 IO Placement/ Clock Placement/ Build Placer Device
INFO: [Timing 38-35] Done setting XDC timing constraints.
Phase 1.2 IO Placement/ Clock Placement/ Build Placer Device | Checksum: 87d92cab

Time (s): cpu = 00:00:01 ; elapsed = 00:00:00.738 . Memory (MB): peak = 1703.621 ; gain = 0.000

Phase 1.3 Build Placer Netlist Model
Phase 1.3 Build Placer Netlist Model | Checksum: 6013b7f2

Time (s): cpu = 00:00:02 ; elapsed = 00:00:01 . Memory (MB): peak = 1703.621 ; gain = 0.000

Phase 1.4 Constrain Clocks/Macros
Phase 1.4 Constrain Clocks/Macros | Checksum: 6013b7f2

Time (s): cpu = 00:00:02 ; elapsed = 00:00:01 . Memory (MB): peak = 1703.621 ; gain = 0.000
Phase 1 Placer Initialization | Checksum: 6013b7f2

Time (s): cpu = 00:00:02 ; elapsed = 00:00:01 . Memory (MB): peak = 1703.621 ; gain = 0.000

Phase 2 Global Placement

Phase 2.1 Floorplanning

Phase 2.1.1 Partition Driven Placement

Phase 2.1.1.1 PBP: Partition Driven Placement
Phase 2.1.1.1 PBP: Partition Driven Placement | Checksum: 124a074a7

Time (s): cpu = 00:00:03 ; elapsed = 00:00:02 . Memory (MB): peak = 1703.621 ; gain = 0.000

Phase 2.1.1.2 PBP: Clock Region Placement
Phase 2.1.1.2 PBP: Clock Region Placement | Checksum: 485db371

Time (s): cpu = 00:00:03 ; elapsed = 00:00:02 . Memory (MB): peak = 1703.621 ; gain = 0.000

Phase 2.1.1.3 PBP: Compute Congestion
Phase 2.1.1.3 PBP: Compute Congestion | Checksum: 485db371

Time (s): cpu = 00:00:03 ; elapsed = 00:00:02 . Memory (MB): peak = 1703.621 ; gain = 0.000

Phase 2.1.1.4 PBP: UpdateTiming
Phase 2.1.1.4 PBP: UpdateTiming | Checksum: b89a28a9

Time (s): cpu = 00:00:04 ; elapsed = 00:00:02 . Memory (MB): peak = 1703.621 ; gain = 0.000

Phase 2.1.1.5 PBP: Add part constraints
Phase 2.1.1.5 PBP: Add part constraints | Checksum: b89a28a9

Time (s): cpu = 00:00:04 ; elapsed = 00:00:03 . Memory (MB): peak = 1703.621 ; gain = 0.000
Phase 2.1.1 Partition Driven Placement | Checksum: b89a28a9

Time (s): cpu = 00:00:04 ; elapsed = 00:00:03 . Memory (MB): peak = 1703.621 ; gain = 0.000
Phase 2.1 Floorplanning | Checksum: b89a28a9

Time (s): cpu = 00:00:04 ; elapsed = 00:00:03 . Memory (MB): peak = 1703.621 ; gain = 0.000

Phase 2.2 Update Timing before SLR Path Opt
Phase 2.2 Update Timing before SLR Path Opt | Checksum: b89a28a9

Time (s): cpu = 00:00:04 ; elapsed = 00:00:03 . Memory (MB): peak = 1703.621 ; gain = 0.000

Phase 2.3 Post-Processing in Floorplanning
Phase 2.3 Post-Processing in Floorplanning | Checksum: 90cb5975

Time (s): cpu = 00:00:04 ; elapsed = 00:00:03 . Memory (MB): peak = 1703.621 ; gain = 0.000

Phase 2.4 Global Place Phase1
Phase 2.4 Global Place Phase1 | Checksum: e8246594

Time (s): cpu = 00:00:10 ; elapsed = 00:00:06 . Memory (MB): peak = 1703.621 ; gain = 0.000

Phase 2.5 Global Place Phase2

Phase 2.5.1 UpdateTiming Before Physical Synthesis
Phase 2.5.1 UpdateTiming Before Physical Synthesis | Checksum: 175b306a2

Time (s): cpu = 00:00:11 ; elapsed = 00:00:06 . Memory (MB): peak = 1703.621 ; gain = 0.000

Phase 2.5.2 Physical Synthesis In Placer
INFO: [Physopt 32-1035] Found 0 LUTNM shape to break, 179 LUT instances to create LUTNM shape
INFO: [Physopt 32-1044] Break lutnm for timing: one critical 0, two critical 0, total 0, new lutff created 0
INFO: [Physopt 32-1138] End 1 Pass. Optimized 80 nets or LUTs. Breaked 0 LUT, combined 80 existing LUTs and moved 0 existing LUT
INFO: [Physopt 32-65] No nets found for high-fanout optimization.
INFO: [Physopt 32-232] Optimized 0 net. Created 0 new instance.
INFO: [Physopt 32-775] End 1 Pass. Optimized 0 net or cell. Created 0 new cell, deleted 0 existing cell and moved 0 existing cell
INFO: [Physopt 32-457] Pass 1. Identified 2 candidate cells for DSP register optimization.
INFO: [Physopt 32-665] Processed cell attention_score_i/ARG. 16 registers were pushed out.
INFO: [Physopt 32-665] Processed cell attention_score_i/acc0. 32 registers were pushed out.
INFO: [Physopt 32-775] End 2 Pass. Optimized 2 nets or cells. Created 48 new cells, deleted 0 existing cell and moved 0 existing cell
Netlist sorting complete. Time (s): cpu = 00:00:00 ; elapsed = 00:00:00.006 . Memory (MB): peak = 1703.621 ; gain = 0.000
INFO: [Physopt 32-670] No setup violation found.  Shift Register to Pipeline Optimization was not performed.
INFO: [Physopt 32-670] No setup violation found.  Shift Register Optimization was not performed.
INFO: [Physopt 32-670] No setup violation found.  BRAM Register Optimization was not performed.
INFO: [Physopt 32-670] No setup violation found.  URAM Register Optimization was not performed.
INFO: [Physopt 32-949] No candidate nets found for dynamic/static region interface net replication
INFO: [Physopt 32-775] End 1 Pass. Optimized 0 net or cell. Created 0 new cell, deleted 0 existing cell and moved 0 existing cell
Netlist sorting complete. Time (s): cpu = 00:00:00 ; elapsed = 00:00:00.001 . Memory (MB): peak = 1703.621 ; gain = 0.000

Summary of Physical Synthesis Optimizations
============================================


-----------------------------------------------------------------------------------------------------------------------------------------------------------
|  Optimization                                     |  Added Cells  |  Removed Cells  |  Optimized Cells/Nets  |  Dont Touch  |  Iterations  |  Elapsed   |
-----------------------------------------------------------------------------------------------------------------------------------------------------------
|  LUT Combining                                    |            0  |             80  |                    80  |           0  |           1  |  00:00:00  |
|  Retime                                           |            0  |              0  |                     0  |           0  |           1  |  00:00:00  |
|  Very High Fanout                                 |            0  |              0  |                     0  |           0  |           1  |  00:00:00  |
|  DSP Register                                     |           48  |              0  |                     2  |           0  |           1  |  00:00:00  |
|  Shift Register to Pipeline                       |            0  |              0  |                     0  |           0  |           0  |  00:00:00  |
|  Shift Register                                   |            0  |              0  |                     0  |           0  |           0  |  00:00:00  |
|  BRAM Register                                    |            0  |              0  |                     0  |           0  |           0  |  00:00:00  |
|  URAM Register                                    |            0  |              0  |                     0  |           0  |           0  |  00:00:00  |
|  Dynamic/Static Region Interface Net Replication  |            0  |              0  |                     0  |           0  |           1  |  00:00:00  |
|  Total                                            |           48  |             80  |                    82  |           0  |           5  |  00:00:00  |
-----------------------------------------------------------------------------------------------------------------------------------------------------------


Phase 2.5.2 Physical Synthesis In Placer | Checksum: 1838d52ab

Time (s): cpu = 00:00:12 ; elapsed = 00:00:07 . Memory (MB): peak = 1703.621 ; gain = 0.000
Phase 2.5 Global Place Phase2 | Checksum: 1db52ddb2

Time (s): cpu = 00:00:12 ; elapsed = 00:00:07 . Memory (MB): peak = 1703.621 ; gain = 0.000
Phase 2 Global Placement | Checksum: 1db52ddb2

Time (s): cpu = 00:00:12 ; elapsed = 00:00:07 . Memory (MB): peak = 1703.621 ; gain = 0.000

Phase 3 Detail Placement

Phase 3.1 Commit Multi Column Macros
Phase 3.1 Commit Multi Column Macros | Checksum: 24f0f8dd9

Time (s): cpu = 00:00:12 ; elapsed = 00:00:07 . Memory (MB): peak = 1703.621 ; gain = 0.000

Phase 3.2 Commit Most Macros & LUTRAMs
Phase 3.2 Commit Most Macros & LUTRAMs | Checksum: 1b60ddeb2

Time (s): cpu = 00:00:13 ; elapsed = 00:00:08 . Memory (MB): peak = 1703.621 ; gain = 0.000

Phase 3.3 Area Swap Optimization
Phase 3.3 Area Swap Optimization | Checksum: 18889fcc6

Time (s): cpu = 00:00:13 ; elapsed = 00:00:08 . Memory (MB): peak = 1703.621 ; gain = 0.000

Phase 3.4 Pipeline Register Optimization
Phase 3.4 Pipeline Register Optimization | Checksum: 19ba2315c

Time (s): cpu = 00:00:13 ; elapsed = 00:00:08 . Memory (MB): peak = 1703.621 ; gain = 0.000

Phase 3.5 Fast Optimization
Phase 3.5 Fast Optimization | Checksum: 20440f47a

Time (s): cpu = 00:00:14 ; elapsed = 00:00:09 . Memory (MB): peak = 1703.621 ; gain = 0.000

Phase 3.6 Small Shape Detail Placement
Phase 3.6 Small Shape Detail Placement | Checksum: 1f57871ab

Time (s): cpu = 00:00:16 ; elapsed = 00:00:11 . Memory (MB): peak = 1703.621 ; gain = 0.000

Phase 3.7 Re-assign LUT pins
Phase 3.7 Re-assign LUT pins | Checksum: 1dd42f7b8

Time (s): cpu = 00:00:16 ; elapsed = 00:00:11 . Memory (MB): peak = 1703.621 ; gain = 0.000

Phase 3.8 Pipeline Register Optimization
Phase 3.8 Pipeline Register Optimization | Checksum: 1e7e065c0

Time (s): cpu = 00:00:16 ; elapsed = 00:00:11 . Memory (MB): peak = 1703.621 ; gain = 0.000
Phase 3 Detail Placement | Checksum: 1e7e065c0

Time (s): cpu = 00:00:16 ; elapsed = 00:00:11 . Memory (MB): peak = 1703.621 ; gain = 0.000

Phase 4 Post Placement Optimization and Clean-Up

Phase 4.1 Post Commit Optimization
INFO: [Timing 38-35] Done setting XDC timing constraints.

Phase 4.1.1 Post Placement Optimization
Post Placement Optimization Initialization | Checksum: 10f8611c8

Phase 4.1.1.1 BUFG Insertion

Starting Physical Synthesis Task

Phase 1 Physical Synthesis Initialization
INFO: [Physopt 32-721] Multithreading enabled for phys_opt_design using a maximum of 2 CPUs
INFO: [Physopt 32-619] Estimated Timing Summary | WNS=-0.174 | TNS=-0.174 |
Phase 1 Physical Synthesis Initialization | Checksum: cc1279db

Time (s): cpu = 00:00:01 ; elapsed = 00:00:00.124 . Memory (MB): peak = 1720.430 ; gain = 0.000
INFO: [Place 46-56] BUFG insertion identified 0 candidate nets. Inserted BUFG: 0, Replicated BUFG Driver: 0, Skipped due to Placement/Routing Conflicts: 0, Skipped due to Timing Degradation: 0, Skipped due to netlist editing failed: 0.
Ending Physical Synthesis Task | Checksum: a86c7e17

Time (s): cpu = 00:00:01 ; elapsed = 00:00:00.148 . Memory (MB): peak = 1720.430 ; gain = 0.000
Phase 4.1.1.1 BUFG Insertion | Checksum: 10f8611c8

Time (s): cpu = 00:00:18 ; elapsed = 00:00:12 . Memory (MB): peak = 1720.430 ; gain = 16.809

Phase 4.1.1.2 Post Placement Timing Optimization
INFO: [Place 30-746] Post Placement Timing Summary WNS=0.509. For the most accurate timing information please run report_timing.
Phase 4.1.1.2 Post Placement Timing Optimization | Checksum: 1bcafab7f

Time (s): cpu = 00:00:24 ; elapsed = 00:00:18 . Memory (MB): peak = 1720.430 ; gain = 16.809

Time (s): cpu = 00:00:24 ; elapsed = 00:00:18 . Memory (MB): peak = 1720.430 ; gain = 16.809
Phase 4.1 Post Commit Optimization | Checksum: 1bcafab7f

Time (s): cpu = 00:00:24 ; elapsed = 00:00:18 . Memory (MB): peak = 1720.430 ; gain = 16.809

Phase 4.2 Post Placement Cleanup
Phase 4.2 Post Placement Cleanup | Checksum: 1bcafab7f

Time (s): cpu = 00:00:24 ; elapsed = 00:00:18 . Memory (MB): peak = 1720.430 ; gain = 16.809

Phase 4.3 Placer Reporting

Phase 4.3.1 Print Estimated Congestion
INFO: [Place 30-612] Post-Placement Estimated Congestion 
 ____________________________________________________
|           | Global Congestion | Short Congestion  |
| Direction | Region Size       | Region Size       |
|___________|___________________|___________________|
|      North|                1x1|                1x1|
|___________|___________________|___________________|
|      South|                1x1|                1x1|
|___________|___________________|___________________|
|       East|                1x1|                1x1|
|___________|___________________|___________________|
|       West|                1x1|                1x1|
|___________|___________________|___________________|

Phase 4.3.1 Print Estimated Congestion | Checksum: 1bcafab7f

Time (s): cpu = 00:00:24 ; elapsed = 00:00:18 . Memory (MB): peak = 1720.430 ; gain = 16.809
Phase 4.3 Placer Reporting | Checksum: 1bcafab7f

Time (s): cpu = 00:00:24 ; elapsed = 00:00:18 . Memory (MB): peak = 1720.430 ; gain = 16.809

Phase 4.4 Final Placement Cleanup
Netlist sorting complete. Time (s): cpu = 00:00:00 ; elapsed = 00:00:00.001 . Memory (MB): peak = 1720.430 ; gain = 0.000

Time (s): cpu = 00:00:24 ; elapsed = 00:00:18 . Memory (MB): peak = 1720.430 ; gain = 16.809
Phase 4 Post Placement Optimization and Clean-Up | Checksum: 22d5babaf

Time (s): cpu = 00:00:24 ; elapsed = 00:00:18 . Memory (MB): peak = 1720.430 ; gain = 16.809
Ending Placer Task | Checksum: 169b1cee2

Time (s): cpu = 00:00:24 ; elapsed = 00:00:18 . Memory (MB): peak = 1720.430 ; gain = 16.809
76 Infos, 3 Warnings, 0 Critical Warnings and 0 Errors encountered.
place_design completed successfully
place_design: Time (s): cpu = 00:00:27 ; elapsed = 00:00:20 . Memory (MB): peak = 1720.430 ; gain = 16.809
INFO: [Vivado 12-24838] Running report commands "report_control_sets, report_io, report_utilization" in parallel.
Running report generation with 2 threads.
INFO: [Vivado 12-24828] Executing command : report_utilization -file top_level_utilization_placed.rpt -pb top_level_utilization_placed.pb
INFO: [Vivado 12-24828] Executing command : report_control_sets -verbose -file top_level_control_sets_placed.rpt
report_control_sets: Time (s): cpu = 00:00:00 ; elapsed = 00:00:00.018 . Memory (MB): peak = 1720.430 ; gain = 0.000
INFO: [Vivado 12-24828] Executing command : report_io -file top_level_io_placed.rpt
report_io: Time (s): cpu = 00:00:01 ; elapsed = 00:00:00.090 . Memory (MB): peak = 1720.430 ; gain = 0.000
INFO: [Timing 38-480] Writing timing data to binary archive.
Write ShapeDB Complete: Time (s): cpu = 00:00:00 ; elapsed = 00:00:00.015 . Memory (MB): peak = 1730.629 ; gain = 8.984
Wrote PlaceDB: Time (s): cpu = 00:00:01 ; elapsed = 00:00:00.362 . Memory (MB): peak = 1738.078 ; gain = 7.449
Wrote PulsedLatchDB: Time (s): cpu = 00:00:00 ; elapsed = 00:00:00 . Memory (MB): peak = 1738.078 ; gain = 0.000
Writing XDEF routing.
Writing XDEF routing logical nets.
Writing XDEF routing special nets.
Wrote RouteStorage: Time (s): cpu = 00:00:00 ; elapsed = 00:00:00.026 . Memory (MB): peak = 1738.078 ; gain = 0.000
Wrote Netlist Cache: Time (s): cpu = 00:00:00 ; elapsed = 00:00:00.007 . Memory (MB): peak = 1738.078 ; gain = 0.000
Wrote Device Cache: Time (s): cpu = 00:00:00 ; elapsed = 00:00:00.014 . Memory (MB): peak = 1738.078 ; gain = 0.000
Write Physdb Complete: Time (s): cpu = 00:00:01 ; elapsed = 00:00:00.420 . Memory (MB): peak = 1738.078 ; gain = 16.418
INFO: [Common 17-1381] The checkpoint 'C:/Users/Ahmed/Desktop/MedEdge-Transformer/FPGA/Transformer/Transformer/Transformer.runs/impl_1/top_level_placed.dcp' has been generated.
Command: phys_opt_design
Attempting to get a license for feature 'Implementation' and/or device 'xc7z020'
INFO: [Common 17-349] Got license for feature 'Implementation' and/or device 'xc7z020'

Starting Initial Update Timing Task

Time (s): cpu = 00:00:01 ; elapsed = 00:00:00.420 . Memory (MB): peak = 1738.078 ; gain = 0.000
INFO: [Vivado_Tcl 4-2279] Estimated Timing Summary | WNS= 0.509 | TNS= 0.000 | 
INFO: [Vivado_Tcl 4-383] Design worst setup slack (WNS) is greater than or equal to 0.000 ns. All physical synthesis setup optimizations will be skipped.
INFO: [Vivado_Tcl 4-232] No setup violation found. The netlist was not modified.
INFO: [Common 17-83] Releasing license: Implementation
87 Infos, 3 Warnings, 0 Critical Warnings and 0 Errors encountered.
phys_opt_design completed successfully
INFO: [Timing 38-480] Writing timing data to binary archive.
Write ShapeDB Complete: Time (s): cpu = 00:00:00 ; elapsed = 00:00:00.016 . Memory (MB): peak = 1742.754 ; gain = 4.676
Wrote PlaceDB: Time (s): cpu = 00:00:01 ; elapsed = 00:00:00.375 . Memory (MB): peak = 1750.211 ; gain = 12.133
Wrote PulsedLatchDB: Time (s): cpu = 00:00:00 ; elapsed = 00:00:00 . Memory (MB): peak = 1750.211 ; gain = 0.000
Writing XDEF routing.
Writing XDEF routing logical nets.
Writing XDEF routing special nets.
Wrote RouteStorage: Time (s): cpu = 00:00:00 ; elapsed = 00:00:00.027 . Memory (MB): peak = 1750.211 ; gain = 0.000
Wrote Netlist Cache: Time (s): cpu = 00:00:00 ; elapsed = 00:00:00.008 . Memory (MB): peak = 1750.211 ; gain = 0.000
Wrote Device Cache: Time (s): cpu = 00:00:00 ; elapsed = 00:00:00.015 . Memory (MB): peak = 1750.211 ; gain = 0.000
Write Physdb Complete: Time (s): cpu = 00:00:01 ; elapsed = 00:00:00.432 . Memory (MB): peak = 1750.211 ; gain = 12.133
INFO: [Common 17-1381] The checkpoint 'C:/Users/Ahmed/Desktop/MedEdge-Transformer/FPGA/Transformer/Transformer/Transformer.runs/impl_1/top_level_physopt.dcp' has been generated.
Command: route_design
Attempting to get a license for feature 'Implementation' and/or device 'xc7z020'
INFO: [Common 17-349] Got license for feature 'Implementation' and/or device 'xc7z020'


Starting Routing Task
INFO: [Route 35-254] Multithreading enabled for route_design using a maximum of 2 CPUs

Phase 1 Build RT Design
Checksum: PlaceDB: d5c34640 ConstDB: 0 ShapeSum: 7df515b2 RouteDB: 15f972f0
Post Restoration Checksum: NetGraph: 6faa2342 | NumContArr: c8935697 | Constraints: c2a8fa9d | Timing: c2a8fa9d
Phase 1 Build RT Design | Checksum: 2bd8f6f13

Time (s): cpu = 00:00:31 ; elapsed = 00:00:28 . Memory (MB): peak = 1844.195 ; gain = 93.984

Phase 2 Router Initialization

Phase 2.1 Fix Topology Constraints
Phase 2.1 Fix Topology Constraints | Checksum: 2bd8f6f13

Time (s): cpu = 00:00:31 ; elapsed = 00:00:28 . Memory (MB): peak = 1844.195 ; gain = 93.984

Phase 2.2 Pre Route Cleanup
Phase 2.2 Pre Route Cleanup | Checksum: 2bd8f6f13

Time (s): cpu = 00:00:31 ; elapsed = 00:00:28 . Memory (MB): peak = 1844.195 ; gain = 93.984
 Number of Nodes with overlaps = 0

Phase 2.3 Update Timing
Phase 2.3 Update Timing | Checksum: 23882b9de

Time (s): cpu = 00:00:33 ; elapsed = 00:00:29 . Memory (MB): peak = 1883.613 ; gain = 133.402
INFO: [Route 35-416] Intermediate Timing Summary | WNS=0.421  | TNS=0.000  | WHS=-0.146 | THS=-16.072|


Router Utilization Summary
  Global Vertical Routing Utilization    = 0 %
  Global Horizontal Routing Utilization  = 0 %
  Routable Net Status*
  *Does not include unroutable nets such as driverless and loadless.
  Run report_route_status for detailed report.
  Number of Failed Nets               = 3674
    (Failed Nets is the sum of unrouted and partially routed nets)
  Number of Unrouted Nets             = 3674
  Number of Partially Routed Nets     = 0
  Number of Node Overlaps             = 0

Phase 2 Router Initialization | Checksum: 22dfc1d22

Time (s): cpu = 00:00:34 ; elapsed = 00:00:30 . Memory (MB): peak = 1898.305 ; gain = 148.094

Phase 3 Global Routing
Phase 3 Global Routing | Checksum: 22dfc1d22

Time (s): cpu = 00:00:34 ; elapsed = 00:00:30 . Memory (MB): peak = 1898.305 ; gain = 148.094

Phase 4 Initial Routing

Phase 4.1 Initial Net Routing Pass
Phase 4.1 Initial Net Routing Pass | Checksum: 2420bd46d

Time (s): cpu = 00:00:35 ; elapsed = 00:00:30 . Memory (MB): peak = 1898.305 ; gain = 148.094
Phase 4 Initial Routing | Checksum: 2420bd46d

Time (s): cpu = 00:00:35 ; elapsed = 00:00:30 . Memory (MB): peak = 1898.305 ; gain = 148.094

Phase 5 Rip-up And Reroute

Phase 5.1 Global Iteration 0
 Number of Nodes with overlaps = 944
 Number of Nodes with overlaps = 528
 Number of Nodes with overlaps = 331
 Number of Nodes with overlaps = 198
 Number of Nodes with overlaps = 82
 Number of Nodes with overlaps = 27
 Number of Nodes with overlaps = 6
 Number of Nodes with overlaps = 1
 Number of Nodes with overlaps = 0
INFO: [Route 35-416] Intermediate Timing Summary | WNS=0.011  | TNS=0.000  | WHS=N/A    | THS=N/A    |

Phase 5.1 Global Iteration 0 | Checksum: 17ffa9ad2

Time (s): cpu = 00:00:50 ; elapsed = 00:00:44 . Memory (MB): peak = 1938.820 ; gain = 188.609

Phase 5.2 Global Iteration 1
 Number of Nodes with overlaps = 132
 Number of Nodes with overlaps = 75
 Number of Nodes with overlaps = 45
 Number of Nodes with overlaps = 35
 Number of Nodes with overlaps = 38
 Number of Nodes with overlaps = 19
 Number of Nodes with overlaps = 24
 Number of Nodes with overlaps = 8
 Number of Nodes with overlaps = 5
 Number of Nodes with overlaps = 3
 Number of Nodes with overlaps = 3
 Number of Nodes with overlaps = 0
INFO: [Route 35-416] Intermediate Timing Summary | WNS=0.049  | TNS=0.000  | WHS=N/A    | THS=N/A    |

Phase 5.2 Global Iteration 1 | Checksum: 1f992fc56

Time (s): cpu = 00:00:57 ; elapsed = 00:00:51 . Memory (MB): peak = 1938.832 ; gain = 188.621

Phase 5.3 Global Iteration 2
 Number of Nodes with overlaps = 116
 Number of Nodes with overlaps = 54
 Number of Nodes with overlaps = 46
 Number of Nodes with overlaps = 21
 Number of Nodes with overlaps = 17
 Number of Nodes with overlaps = 16
 Number of Nodes with overlaps = 7
 Number of Nodes with overlaps = 13
 Number of Nodes with overlaps = 5
 Number of Nodes with overlaps = 5
 Number of Nodes with overlaps = 3
 Number of Nodes with overlaps = 3
 Number of Nodes with overlaps = 2
 Number of Nodes with overlaps = 0
INFO: [Route 35-416] Intermediate Timing Summary | WNS=0.027  | TNS=0.000  | WHS=N/A    | THS=N/A    |

Phase 5.3 Global Iteration 2 | Checksum: 24efc5a63

Time (s): cpu = 00:01:03 ; elapsed = 00:00:56 . Memory (MB): peak = 1938.832 ; gain = 188.621
Phase 5 Rip-up And Reroute | Checksum: 24efc5a63

Time (s): cpu = 00:01:03 ; elapsed = 00:00:56 . Memory (MB): peak = 1938.832 ; gain = 188.621

Phase 6 Delay and Skew Optimization

Phase 6.1 Delay CleanUp

Phase 6.1.1 Update Timing
Phase 6.1.1 Update Timing | Checksum: 29aeee987

Time (s): cpu = 00:01:04 ; elapsed = 00:00:56 . Memory (MB): peak = 1938.832 ; gain = 188.621
INFO: [Route 35-416] Intermediate Timing Summary | WNS=0.164  | TNS=0.000  | WHS=N/A    | THS=N/A    |

Phase 6.1 Delay CleanUp | Checksum: 29aeee987

Time (s): cpu = 00:01:04 ; elapsed = 00:00:56 . Memory (MB): peak = 1938.832 ; gain = 188.621

Phase 6.2 Clock Skew Optimization
Phase 6.2 Clock Skew Optimization | Checksum: 29aeee987

Time (s): cpu = 00:01:04 ; elapsed = 00:00:56 . Memory (MB): peak = 1938.832 ; gain = 188.621
Phase 6 Delay and Skew Optimization | Checksum: 29aeee987

Time (s): cpu = 00:01:04 ; elapsed = 00:00:56 . Memory (MB): peak = 1938.832 ; gain = 188.621

Phase 7 Post Hold Fix

Phase 7.1 Hold Fix Iter
INFO: [Route 35-416] Intermediate Timing Summary | WNS=0.164  | TNS=0.000  | WHS=0.104  | THS=0.000  |

Phase 7.1 Hold Fix Iter | Checksum: 2d51df1d9

Time (s): cpu = 00:01:04 ; elapsed = 00:00:56 . Memory (MB): peak = 1938.832 ; gain = 188.621
Phase 7 Post Hold Fix | Checksum: 2d51df1d9

Time (s): cpu = 00:01:04 ; elapsed = 00:00:56 . Memory (MB): peak = 1938.832 ; gain = 188.621

Phase 8 Route finalize

Router Utilization Summary
  Global Vertical Routing Utilization    = 0.633789 %
  Global Horizontal Routing Utilization  = 0.800456 %
  Routable Net Status*
  *Does not include unroutable nets such as driverless and loadless.
  Run report_route_status for detailed report.
  Number of Failed Nets               = 0
    (Failed Nets is the sum of unrouted and partially routed nets)
  Number of Unrouted Nets             = 0
  Number of Partially Routed Nets     = 0
  Number of Node Overlaps             = 0

Phase 8 Route finalize | Checksum: 2d51df1d9

Time (s): cpu = 00:01:04 ; elapsed = 00:00:56 . Memory (MB): peak = 1938.832 ; gain = 188.621

Phase 9 Verifying routed nets

 Verification completed successfully
Phase 9 Verifying routed nets | Checksum: 2d51df1d9

Time (s): cpu = 00:01:04 ; elapsed = 00:00:56 . Memory (MB): peak = 1938.832 ; gain = 188.621

Phase 10 Depositing Routes
Phase 10 Depositing Routes | Checksum: 2e5fcb14b

Time (s): cpu = 00:01:04 ; elapsed = 00:00:57 . Memory (MB): peak = 1938.832 ; gain = 188.621

Phase 11 Post Process Routing
Phase 11 Post Process Routing | Checksum: 2e5fcb14b

Time (s): cpu = 00:01:04 ; elapsed = 00:00:57 . Memory (MB): peak = 1938.832 ; gain = 188.621

Phase 12 Post Router Timing
INFO: [Route 35-57] Estimated Timing Summary | WNS=0.164  | TNS=0.000  | WHS=0.104  | THS=0.000  |

INFO: [Route 35-327] The final timing numbers are based on the router estimated timing analysis. For a complete and accurate timing signoff, please run report_timing_summary.
Phase 12 Post Router Timing | Checksum: 2e5fcb14b

Time (s): cpu = 00:01:04 ; elapsed = 00:00:57 . Memory (MB): peak = 1938.832 ; gain = 188.621
Total Elapsed time in route_design: 56.663 secs

Phase 13 Post-Route Event Processing
Phase 13 Post-Route Event Processing | Checksum: 1b7262192

Time (s): cpu = 00:01:04 ; elapsed = 00:00:57 . Memory (MB): peak = 1938.832 ; gain = 188.621
INFO: [Route 35-16] Router Completed Successfully
Ending Routing Task | Checksum: 1b7262192

Time (s): cpu = 00:01:04 ; elapsed = 00:00:57 . Memory (MB): peak = 1938.832 ; gain = 188.621

Routing Is Done.
INFO: [Common 17-83] Releasing license: Implementation
101 Infos, 3 Warnings, 0 Critical Warnings and 0 Errors encountered.
route_design completed successfully
route_design: Time (s): cpu = 00:01:05 ; elapsed = 00:00:57 . Memory (MB): peak = 1938.832 ; gain = 188.621
INFO: [Vivado 12-24828] Executing command : report_drc -file top_level_drc_routed.rpt -pb top_level_drc_routed.pb -rpx top_level_drc_routed.rpx
Command: report_drc -file top_level_drc_routed.rpt -pb top_level_drc_routed.pb -rpx top_level_drc_routed.rpx
INFO: [IP_Flow 19-1839] IP Catalog is up to date.
INFO: [DRC 23-27] Running DRC with 2 threads
INFO: [Vivado_Tcl 2-168] The results of DRC are in file C:/Users/Ahmed/Desktop/MedEdge-Transformer/FPGA/Transformer/Transformer/Transformer.runs/impl_1/top_level_drc_routed.rpt.
report_drc completed successfully
INFO: [Vivado 12-24828] Executing command : report_methodology -file top_level_methodology_drc_routed.rpt -pb top_level_methodology_drc_routed.pb -rpx top_level_methodology_drc_routed.rpx
Command: report_methodology -file top_level_methodology_drc_routed.rpt -pb top_level_methodology_drc_routed.pb -rpx top_level_methodology_drc_routed.rpx
INFO: [Timing 38-35] Done setting XDC timing constraints.
INFO: [DRC 23-133] Running Methodology with 2 threads
INFO: [Vivado_Tcl 2-1520] The results of Report Methodology are in file C:/Users/Ahmed/Desktop/MedEdge-Transformer/FPGA/Transformer/Transformer/Transformer.runs/impl_1/top_level_methodology_drc_routed.rpt.
report_methodology completed successfully
INFO: [Vivado 12-24828] Executing command : report_timing_summary -max_paths 10 -report_unconstrained -file top_level_timing_summary_routed.rpt -pb top_level_timing_summary_routed.pb -rpx top_level_timing_summary_routed.rpx -warn_on_violation 
INFO: [Timing 38-35] Done setting XDC timing constraints.
INFO: [Timing 38-91] UpdateTimingParams: Speed grade: -1, Delay Type: min_max.
INFO: [Timing 38-191] Multithreading enabled for timing update using a maximum of 2 CPUs
INFO: [Vivado 12-24838] Running report commands "report_incremental_reuse, report_route_status" in parallel.
Running report generation with 2 threads.
INFO: [Vivado 12-24828] Executing command : report_route_status -file top_level_route_status.rpt -pb top_level_route_status.pb
INFO: [Vivado 12-24828] Executing command : report_incremental_reuse -file top_level_incremental_reuse_routed.rpt
INFO: [Vivado_Tcl 4-1062] Incremental flow is disabled. No incremental reuse Info to report.
INFO: [Vivado 12-24828] Executing command : report_power -file top_level_power_routed.rpt -pb top_level_power_summary_routed.pb -rpx top_level_power_routed.rpx
Command: report_power -file top_level_power_routed.rpt -pb top_level_power_summary_routed.pb -rpx top_level_power_routed.rpx
Running Vector-less Activity Propagation...

Finished Running Vector-less Activity Propagation
118 Infos, 3 Warnings, 0 Critical Warnings and 0 Errors encountered.
report_power completed successfully
INFO: [Vivado 12-24828] Executing command : report_clock_utilization -file top_level_clock_utilization_routed.rpt
INFO: [Vivado 12-24828] Executing command : report_bus_skew -warn_on_violation -file top_level_bus_skew_routed.rpt -pb top_level_bus_skew_routed.pb -rpx top_level_bus_skew_routed.rpx
INFO: [Timing 38-91] UpdateTimingParams: Speed grade: -1, Delay Type: min_max.
INFO: [Timing 38-191] Multithreading enabled for timing update using a maximum of 2 CPUs
generate_parallel_reports: Time (s): cpu = 00:00:20 ; elapsed = 00:00:11 . Memory (MB): peak = 1963.867 ; gain = 25.035
INFO: [Timing 38-480] Writing timing data to binary archive.
Write ShapeDB Complete: Time (s): cpu = 00:00:00 ; elapsed = 00:00:00.014 . Memory (MB): peak = 1968.816 ; gain = 4.949
Wrote PlaceDB: Time (s): cpu = 00:00:01 ; elapsed = 00:00:00.364 . Memory (MB): peak = 1980.922 ; gain = 12.105
Wrote PulsedLatchDB: Time (s): cpu = 00:00:00 ; elapsed = 00:00:00 . Memory (MB): peak = 1980.922 ; gain = 0.000
Writing XDEF routing.
Writing XDEF routing logical nets.
Writing XDEF routing special nets.
Wrote RouteStorage: Time (s): cpu = 00:00:00 ; elapsed = 00:00:00.066 . Memory (MB): peak = 1980.922 ; gain = 0.000
Wrote Netlist Cache: Time (s): cpu = 00:00:00 ; elapsed = 00:00:00.007 . Memory (MB): peak = 1980.922 ; gain = 0.000
Wrote Device Cache: Time (s): cpu = 00:00:00 ; elapsed = 00:00:00.014 . Memory (MB): peak = 1980.922 ; gain = 0.000
Write Physdb Complete: Time (s): cpu = 00:00:01 ; elapsed = 00:00:00.465 . Memory (MB): peak = 1980.922 ; gain = 17.055
INFO: [Common 17-1381] The checkpoint 'C:/Users/Ahmed/Desktop/MedEdge-Transformer/FPGA/Transformer/Transformer/Transformer.runs/impl_1/top_level_routed.dcp' has been generated.
INFO: [Common 17-206] Exiting Vivado at Tue Mar 10 12:41:09 2026...

*** Running vivado
    with args -log top_level.vdi -applog -m64 -product Vivado -messageDb vivado.pb -mode batch -source top_level.tcl -notrace



****** Vivado v2024.2 (64-bit)
  **** SW Build 5239630 on Fri Nov 08 22:35:27 MST 2024
  **** IP Build 5239520 on Sun Nov 10 16:12:51 MST 2024
  **** SharedData Build 5239561 on Fri Nov 08 14:39:27 MST 2024
  **** Start of session at: Tue Mar 10 12:41:58 2026
    ** Copyright 1986-2022 Xilinx, Inc. All Rights Reserved.
    ** Copyright 2022-2024 Advanced Micro Devices, Inc. All Rights Reserved.

source top_level.tcl -notrace
Command: open_checkpoint top_level_routed.dcp
INFO: [Device 21-403] Loading part xc7z020clg484-1
Netlist sorting complete. Time (s): cpu = 00:00:00 ; elapsed = 00:00:00.194 . Memory (MB): peak = 576.051 ; gain = 0.000
INFO: [Netlist 29-17] Analyzing 277 Unisim elements for replacement
INFO: [Netlist 29-28] Unisim Transformation completed in 1 CPU seconds
INFO: [Project 1-479] Netlist was created with Vivado 2024.2
INFO: [Project 1-570] Preparing netlist for logic optimization
Read ShapeDB Complete: Time (s): cpu = 00:00:00 ; elapsed = 00:00:00.025 . Memory (MB): peak = 696.609 ; gain = 1.383
INFO: [Timing 38-478] Restoring timing data from binary archive.
INFO: [Timing 38-479] Binary timing data restore complete.
INFO: [Project 1-856] Restoring constraints from binary archive.
INFO: [Project 1-853] Binary constraint restore complete.
INFO: [Designutils 20-5722] Start Reading Physical Databases.
Reading placement.
Read Netlist Cache: Time (s): cpu = 00:00:00 ; elapsed = 00:00:00.004 . Memory (MB): peak = 1252.176 ; gain = 0.000
Reading placer database...
Read Device Cache: Time (s): cpu = 00:00:00 ; elapsed = 00:00:00.016 . Memory (MB): peak = 1252.176 ; gain = 0.000
Read PlaceDB: Time (s): cpu = 00:00:00 ; elapsed = 00:00:00.278 . Memory (MB): peak = 1252.176 ; gain = 0.000
Read PulsedLatchDB: Time (s): cpu = 00:00:00 ; elapsed = 00:00:00 . Memory (MB): peak = 1252.176 ; gain = 0.000
Reading routing.
Read RouteStorage: Time (s): cpu = 00:00:00 ; elapsed = 00:00:00.054 . Memory (MB): peak = 1252.176 ; gain = 0.000
Read Physdb Files: Time (s): cpu = 00:00:00 ; elapsed = 00:00:00.366 . Memory (MB): peak = 1252.176 ; gain = 0.000
Restored from archive | CPU: 1.000000 secs | Memory: 0.000000 MB |
Finished XDEF File Restore: Time (s): cpu = 00:00:01 ; elapsed = 00:00:00.431 . Memory (MB): peak = 1252.176 ; gain = 6.906
Netlist sorting complete. Time (s): cpu = 00:00:00 ; elapsed = 00:00:00.001 . Memory (MB): peak = 1252.176 ; gain = 0.000
INFO: [Project 1-111] Unisim Transformation Summary:
No Unisim elements were transformed.

INFO: [Project 1-604] Checkpoint was created with Vivado v2024.2 (64-bit) build 5239630
open_checkpoint: Time (s): cpu = 00:00:14 ; elapsed = 00:00:15 . Memory (MB): peak = 1252.176 ; gain = 974.160
Command: write_bitstream -force top_level.bit
Attempting to get a license for feature 'Implementation' and/or device 'xc7z020'
INFO: [Common 17-349] Got license for feature 'Implementation' and/or device 'xc7z020'
Running DRC as a precondition to command write_bitstream
INFO: [IP_Flow 19-234] Refreshing IP repositories
INFO: [IP_Flow 19-1704] No user IP repositories specified
INFO: [IP_Flow 19-2313] Loaded Vivado IP repository 'C:/Xilinx/Vivado/2024.2/data/ip'.
INFO: [DRC 23-27] Running DRC with 2 threads
INFO: [Vivado 12-3199] DRC finished with 0 Errors
INFO: [Vivado 12-3200] Please refer to the DRC report (report_drc) for more information.
INFO: [Designutils 20-2272] Running write_bitstream with 2 threads.
Loading data files...
Loading site data...
Loading route data...
Processing options...
Creating bitmap...
Creating bitstream...
Writing bitstream ./top_level.bit...
INFO: [Vivado 12-1842] Bitgen Completed Successfully.
INFO: [Project 1-1876] WebTalk data collection is mandatory when using a ULT device. To see the specific WebTalk data collected for your design, open the usage_statistics_webtalk.html or usage_statistics_webtalk.xml file in the implementation directory.
INFO: [Common 17-83] Releasing license: Implementation
23 Infos, 0 Warnings, 0 Critical Warnings and 0 Errors encountered.
write_bitstream completed successfully
write_bitstream: Time (s): cpu = 00:00:20 ; elapsed = 00:00:15 . Memory (MB): peak = 1851.531 ; gain = 599.355
INFO: [Common 17-206] Exiting Vivado at Tue Mar 10 12:42:31 2026...
