Copyright 1986-2022 Xilinx, Inc. All Rights Reserved. Copyright 2022-2024 Advanced Micro Devices, Inc. All Rights Reserved.
---------------------------------------------------------------------------------------------------------------------------------------------
| Tool Version : Vivado v.2024.2 (win64) Build 5239630 Fri Nov 08 22:35:27 MST 2024
| Date         : Tue Mar 10 12:39:56 2026
| Host         : DESKTOP-88SD8FS running 64-bit major release  (build 9200)
| Command      : report_control_sets -verbose -file top_level_control_sets_placed.rpt
| Design       : top_level
| Device       : xc7z020
---------------------------------------------------------------------------------------------------------------------------------------------

Control Set Information

Table of Contents
-----------------
1. Summary
2. Histogram
3. Flip-Flop Distribution
4. Detailed Control Set Information

1. Summary
----------

+----------------------------------------------------------+-------+
|                          Status                          | Count |
+----------------------------------------------------------+-------+
| Total control sets                                       |   164 |
|    Minimum number of control sets                        |   164 |
|    Addition due to synthesis replication                 |     0 |
|    Addition due to physical synthesis replication        |     0 |
| Unused register locations in slices containing registers |   191 |
+----------------------------------------------------------+-------+
* Control sets can be merged at opt_design using control_set_merge or merge_equivalent_drivers
** Run report_qor_suggestions for automated merging and remapping suggestions


2. Histogram
------------

+--------------------+-------+
|       Fanout       | Count |
+--------------------+-------+
| Total control sets |   164 |
| >= 0 to < 4        |    14 |
| >= 4 to < 6        |     2 |
| >= 6 to < 8        |     6 |
| >= 8 to < 10       |    76 |
| >= 10 to < 12      |     1 |
| >= 12 to < 14      |     4 |
| >= 14 to < 16      |     0 |
| >= 16              |    61 |
+--------------------+-------+
* Control sets can be remapped at either synth_design or opt_design


3. Flip-Flop Distribution
-------------------------

+--------------+-----------------------+------------------------+-----------------+--------------+
| Clock Enable | Synchronous Set/Reset | Asynchronous Set/Reset | Total Registers | Total Slices |
+--------------+-----------------------+------------------------+-----------------+--------------+
| No           | No                    | No                     |             117 |           36 |
| No           | No                    | Yes                    |              27 |            9 |
| No           | Yes                   | No                     |              93 |           45 |
| Yes          | No                    | No                     |            1494 |          592 |
| Yes          | No                    | Yes                    |               0 |            0 |
| Yes          | Yes                   | No                     |             766 |          266 |
+--------------+-----------------------+------------------------+-----------------+--------------+


4. Detailed Control Set Information
-----------------------------------

+--------------------------------------------------------------------+--------------------------------------------------------------------------------------------------------------------------------------------------------------------------------------+-----------------------------------------------------------------------------------------------------------------------------------------+------------------+----------------+--------------+
|                            Clock Signal                            |                                                                                     Enable Signal                                                                                    |                                                             Set/Reset Signal                                                            | Slice Load Count | Bel Load Count | Bels / Slice |
+--------------------------------------------------------------------+--------------------------------------------------------------------------------------------------------------------------------------------------------------------------------------+-----------------------------------------------------------------------------------------------------------------------------------------+------------------+----------------+--------------+
|  design_1_wrapper_i/design_1_i/processing_system7_0/inst/FCLK_CLK0 |                                                                                                                                                                                      | design_1_wrapper_i/design_1_i/axi_smc/inst/s00_nodes/s00_aw_node/inst/s_sc_areset_pipe                                                  |                1 |              1 |         1.00 |
|  design_1_wrapper_i/design_1_i/processing_system7_0/inst/FCLK_CLK0 |                                                                                                                                                                                      | design_1_wrapper_i/design_1_i/axi_smc/inst/s00_nodes/s00_ar_node/inst/s_sc_areset_pipe                                                  |                1 |              1 |         1.00 |
|  design_1_wrapper_i/design_1_i/processing_system7_0/inst/FCLK_CLK0 |                                                                                                                                                                                      | design_1_wrapper_i/design_1_i/axi_smc/inst/s00_nodes/s00_b_node/inst/s_sc_areset_pipe                                                   |                1 |              1 |         1.00 |
|  design_1_wrapper_i/design_1_i/processing_system7_0/inst/FCLK_CLK0 |                                                                                                                                                                                      | design_1_wrapper_i/design_1_i/axi_smc/inst/s00_nodes/s00_r_node/inst/s_sc_areset_pipe                                                   |                1 |              1 |         1.00 |
|  design_1_wrapper_i/design_1_i/processing_system7_0/inst/FCLK_CLK0 |                                                                                                                                                                                      | design_1_wrapper_i/design_1_i/axi_smc/inst/s00_nodes/s00_w_node/inst/s_sc_areset_pipe                                                   |                1 |              1 |         1.00 |
|  design_1_wrapper_i/design_1_i/processing_system7_0/inst/FCLK_CLK0 |                                                                                                                                                                                      | design_1_wrapper_i/design_1_i/axi_smc/inst/s00_entry_pipeline/s00_transaction_regulator/inst/xpm_cdc_async_rst_inst/reset_pol           |                1 |              3 |         3.00 |
|  design_1_wrapper_i/design_1_i/processing_system7_0/inst/FCLK_CLK0 |                                                                                                                                                                                      | design_1_wrapper_i/design_1_i/axi_smc/inst/m00_exit_pipeline/m00_exit/inst/xpm_cdc_async_rst_inst/reset_pol                             |                1 |              3 |         3.00 |
|  design_1_wrapper_i/design_1_i/processing_system7_0/inst/FCLK_CLK0 |                                                                                                                                                                                      | design_1_wrapper_i/design_1_i/axi_smc/inst/s00_nodes/s00_aw_node/inst/s_sc_xpm_cdc_async_rst_inst/reset_pol                             |                1 |              3 |         3.00 |
|  design_1_wrapper_i/design_1_i/processing_system7_0/inst/FCLK_CLK0 |                                                                                                                                                                                      | design_1_wrapper_i/design_1_i/axi_smc/inst/s00_nodes/s00_ar_node/inst/s_sc_xpm_cdc_async_rst_inst/reset_pol                             |                1 |              3 |         3.00 |
|  design_1_wrapper_i/design_1_i/processing_system7_0/inst/FCLK_CLK0 |                                                                                                                                                                                      | design_1_wrapper_i/design_1_i/axi_smc/inst/s00_nodes/s00_b_node/inst/s_sc_xpm_cdc_async_rst_inst/reset_pol                              |                1 |              3 |         3.00 |
|  design_1_wrapper_i/design_1_i/processing_system7_0/inst/FCLK_CLK0 |                                                                                                                                                                                      | design_1_wrapper_i/design_1_i/axi_smc/inst/s00_nodes/s00_r_node/inst/s_sc_xpm_cdc_async_rst_inst/reset_pol                              |                1 |              3 |         3.00 |
|  design_1_wrapper_i/design_1_i/processing_system7_0/inst/FCLK_CLK0 |                                                                                                                                                                                      | design_1_wrapper_i/design_1_i/axi_smc/inst/s00_nodes/s00_w_node/inst/s_sc_xpm_cdc_async_rst_inst/reset_pol                              |                1 |              3 |         3.00 |
|  design_1_wrapper_i/design_1_i/processing_system7_0/inst/FCLK_CLK0 |                                                                                                                                                                                      | design_1_wrapper_i/design_1_i/axi_smc/inst/s00_entry_pipeline/s00_si_converter/inst/xpm_cdc_async_rst_inst/reset_pol                    |                1 |              3 |         3.00 |
|  design_1_wrapper_i/design_1_i/processing_system7_0/inst/FCLK_CLK0 |                                                                                                                                                                                      | design_1_wrapper_i/design_1_i/axi_smc/inst/s00_entry_pipeline/s00_mmu/inst/xpm_cdc_async_rst_inst/reset_pol                             |                1 |              3 |         3.00 |
|  design_1_wrapper_i/design_1_i/processing_system7_0/inst/FCLK_CLK0 |                                                                                                                                                                                      | design_1_wrapper_i/design_1_i/axi_smc/inst/clk_map/psr_aclk/U0/EXT_LPF/lpf_int                                                          |                2 |              4 |         2.00 |
|  design_1_wrapper_i/design_1_i/processing_system7_0/inst/FCLK_CLK0 |                                                                                                                                                                                      | design_1_wrapper_i/design_1_i/rst_ps7_0_100M/U0/EXT_LPF/lpf_int                                                                         |                2 |              4 |         2.00 |
|  design_1_wrapper_i/design_1_i/processing_system7_0/inst/FCLK_CLK0 | design_1_wrapper_i/design_1_i/axi_smc/inst/s00_entry_pipeline/s00_si_converter/inst/gen_axilite_conv.axilite_conv_inst/ar_addr_d[7]_i_1_n_0                                          | design_1_wrapper_i/design_1_i/axi_smc/inst/s00_entry_pipeline/s00_si_converter/inst/areset                                              |                2 |              6 |         3.00 |
|  design_1_wrapper_i/design_1_i/processing_system7_0/inst/FCLK_CLK0 | design_1_wrapper_i/design_1_i/axi_smc/inst/clk_map/psr_aclk/U0/SEQ/seq_cnt_en                                                                                                        | design_1_wrapper_i/design_1_i/axi_smc/inst/clk_map/psr_aclk/U0/SEQ/SEQ_COUNTER/clear                                                    |                1 |              6 |         6.00 |
|  design_1_wrapper_i/design_1_i/processing_system7_0/inst/FCLK_CLK0 | design_1_wrapper_i/design_1_i/rst_ps7_0_100M/U0/SEQ/seq_cnt_en                                                                                                                       | design_1_wrapper_i/design_1_i/rst_ps7_0_100M/U0/SEQ/SEQ_COUNTER/clear                                                                   |                1 |              6 |         6.00 |
|  design_1_wrapper_i/design_1_i/processing_system7_0/inst/FCLK_CLK0 | design_1_wrapper_i/design_1_i/transformer_axi_0/U0/transformer_axi_slave_lite_v1_0_S00_AXI_inst/axi_awaddr[7]_i_1_n_0                                                                |                                                                                                                                         |                2 |              6 |         3.00 |
|  design_1_wrapper_i/design_1_i/processing_system7_0/inst/FCLK_CLK0 | design_1_wrapper_i/design_1_i/axi_smc/inst/s00_nodes/s00_ar_node/inst/inst_mi_handler/gen_normal_area.inst_fifo_node_payld/gen_reg_fifo.inst_reg_fifo/gen_single_rank.inst_cntr/E[0] |                                                                                                                                         |                1 |              6 |         6.00 |
|  design_1_wrapper_i/design_1_i/processing_system7_0/inst/FCLK_CLK0 | design_1_wrapper_i/design_1_i/axi_smc/inst/s00_nodes/s00_aw_node/inst/inst_mi_handler/gen_normal_area.inst_fifo_node_payld/gen_reg_fifo.inst_reg_fifo/gen_single_rank.inst_cntr/E[0] |                                                                                                                                         |                2 |              6 |         3.00 |
|  design_1_wrapper_i/design_1_i/processing_system7_0/inst/FCLK_CLK0 | design_1_wrapper_i/design_1_i/transformer_axi_0/U0/transformer_axi_slave_lite_v1_0_S00_AXI_inst/slv_reg27[7]_i_1_n_0                                                                 | design_1_wrapper_i/design_1_i/transformer_axi_0/U0/transformer_axi_slave_lite_v1_0_S00_AXI_inst/slv_reg1[0]_i_1_n_0                     |                4 |              8 |         2.00 |
|  design_1_wrapper_i/design_1_i/processing_system7_0/inst/FCLK_CLK0 | design_1_wrapper_i/design_1_i/transformer_axi_0/U0/transformer_axi_slave_lite_v1_0_S00_AXI_inst/slv_reg23[23]_i_1_n_0                                                                | design_1_wrapper_i/design_1_i/transformer_axi_0/U0/transformer_axi_slave_lite_v1_0_S00_AXI_inst/slv_reg1[0]_i_1_n_0                     |                1 |              8 |         8.00 |
|  design_1_wrapper_i/design_1_i/processing_system7_0/inst/FCLK_CLK0 | design_1_wrapper_i/design_1_i/transformer_axi_0/U0/transformer_axi_slave_lite_v1_0_S00_AXI_inst/slv_reg26[15]_i_1_n_0                                                                | design_1_wrapper_i/design_1_i/transformer_axi_0/U0/transformer_axi_slave_lite_v1_0_S00_AXI_inst/slv_reg1[0]_i_1_n_0                     |                2 |              8 |         4.00 |
|  design_1_wrapper_i/design_1_i/processing_system7_0/inst/FCLK_CLK0 | design_1_wrapper_i/design_1_i/transformer_axi_0/U0/transformer_axi_slave_lite_v1_0_S00_AXI_inst/slv_reg27[23]_i_1_n_0                                                                | design_1_wrapper_i/design_1_i/transformer_axi_0/U0/transformer_axi_slave_lite_v1_0_S00_AXI_inst/slv_reg1[0]_i_1_n_0                     |                4 |              8 |         2.00 |
|  design_1_wrapper_i/design_1_i/processing_system7_0/inst/FCLK_CLK0 | design_1_wrapper_i/design_1_i/transformer_axi_0/U0/transformer_axi_slave_lite_v1_0_S00_AXI_inst/slv_reg21[7]_i_1_n_0                                                                 | design_1_wrapper_i/design_1_i/transformer_axi_0/U0/transformer_axi_slave_lite_v1_0_S00_AXI_inst/slv_reg1[0]_i_1_n_0                     |                2 |              8 |         4.00 |
|  design_1_wrapper_i/design_1_i/processing_system7_0/inst/FCLK_CLK0 | design_1_wrapper_i/design_1_i/transformer_axi_0/U0/transformer_axi_slave_lite_v1_0_S00_AXI_inst/slv_reg28[31]_i_1_n_0                                                                | design_1_wrapper_i/design_1_i/transformer_axi_0/U0/transformer_axi_slave_lite_v1_0_S00_AXI_inst/slv_reg1[0]_i_1_n_0                     |                3 |              8 |         2.67 |
|  design_1_wrapper_i/design_1_i/processing_system7_0/inst/FCLK_CLK0 | design_1_wrapper_i/design_1_i/transformer_axi_0/U0/transformer_axi_slave_lite_v1_0_S00_AXI_inst/slv_reg28[15]_i_1_n_0                                                                | design_1_wrapper_i/design_1_i/transformer_axi_0/U0/transformer_axi_slave_lite_v1_0_S00_AXI_inst/slv_reg1[0]_i_1_n_0                     |                5 |              8 |         1.60 |
|  design_1_wrapper_i/design_1_i/processing_system7_0/inst/FCLK_CLK0 | design_1_wrapper_i/design_1_i/transformer_axi_0/U0/transformer_axi_slave_lite_v1_0_S00_AXI_inst/slv_reg29[15]_i_1_n_0                                                                | design_1_wrapper_i/design_1_i/transformer_axi_0/U0/transformer_axi_slave_lite_v1_0_S00_AXI_inst/slv_reg1[0]_i_1_n_0                     |                2 |              8 |         4.00 |
|  design_1_wrapper_i/design_1_i/processing_system7_0/inst/FCLK_CLK0 | design_1_wrapper_i/design_1_i/transformer_axi_0/U0/transformer_axi_slave_lite_v1_0_S00_AXI_inst/slv_reg29[23]_i_1_n_0                                                                | design_1_wrapper_i/design_1_i/transformer_axi_0/U0/transformer_axi_slave_lite_v1_0_S00_AXI_inst/slv_reg1[0]_i_1_n_0                     |                4 |              8 |         2.00 |
|  design_1_wrapper_i/design_1_i/processing_system7_0/inst/FCLK_CLK0 | design_1_wrapper_i/design_1_i/transformer_axi_0/U0/transformer_axi_slave_lite_v1_0_S00_AXI_inst/slv_reg29[31]_i_1_n_0                                                                | design_1_wrapper_i/design_1_i/transformer_axi_0/U0/transformer_axi_slave_lite_v1_0_S00_AXI_inst/slv_reg1[0]_i_1_n_0                     |                3 |              8 |         2.67 |
|  design_1_wrapper_i/design_1_i/processing_system7_0/inst/FCLK_CLK0 | design_1_wrapper_i/design_1_i/transformer_axi_0/U0/transformer_axi_slave_lite_v1_0_S00_AXI_inst/slv_reg29[7]_i_1_n_0                                                                 | design_1_wrapper_i/design_1_i/transformer_axi_0/U0/transformer_axi_slave_lite_v1_0_S00_AXI_inst/slv_reg1[0]_i_1_n_0                     |                5 |              8 |         1.60 |
|  design_1_wrapper_i/design_1_i/processing_system7_0/inst/FCLK_CLK0 | design_1_wrapper_i/design_1_i/transformer_axi_0/U0/transformer_axi_slave_lite_v1_0_S00_AXI_inst/slv_reg28[7]_i_1_n_0                                                                 | design_1_wrapper_i/design_1_i/transformer_axi_0/U0/transformer_axi_slave_lite_v1_0_S00_AXI_inst/slv_reg1[0]_i_1_n_0                     |                2 |              8 |         4.00 |
|  design_1_wrapper_i/design_1_i/processing_system7_0/inst/FCLK_CLK0 | design_1_wrapper_i/design_1_i/transformer_axi_0/U0/transformer_axi_slave_lite_v1_0_S00_AXI_inst/slv_reg28[23]_i_1_n_0                                                                | design_1_wrapper_i/design_1_i/transformer_axi_0/U0/transformer_axi_slave_lite_v1_0_S00_AXI_inst/slv_reg1[0]_i_1_n_0                     |                2 |              8 |         4.00 |
|  design_1_wrapper_i/design_1_i/processing_system7_0/inst/FCLK_CLK0 | design_1_wrapper_i/design_1_i/transformer_axi_0/U0/transformer_axi_slave_lite_v1_0_S00_AXI_inst/slv_reg30[15]_i_1_n_0                                                                | design_1_wrapper_i/design_1_i/transformer_axi_0/U0/transformer_axi_slave_lite_v1_0_S00_AXI_inst/slv_reg1[0]_i_1_n_0                     |                4 |              8 |         2.00 |
|  design_1_wrapper_i/design_1_i/processing_system7_0/inst/FCLK_CLK0 | design_1_wrapper_i/design_1_i/transformer_axi_0/U0/transformer_axi_slave_lite_v1_0_S00_AXI_inst/slv_reg30[7]_i_1_n_0                                                                 | design_1_wrapper_i/design_1_i/transformer_axi_0/U0/transformer_axi_slave_lite_v1_0_S00_AXI_inst/slv_reg1[0]_i_1_n_0                     |                6 |              8 |         1.33 |
|  design_1_wrapper_i/design_1_i/processing_system7_0/inst/FCLK_CLK0 | design_1_wrapper_i/design_1_i/transformer_axi_0/U0/transformer_axi_slave_lite_v1_0_S00_AXI_inst/slv_reg30[23]_i_1_n_0                                                                | design_1_wrapper_i/design_1_i/transformer_axi_0/U0/transformer_axi_slave_lite_v1_0_S00_AXI_inst/slv_reg1[0]_i_1_n_0                     |                5 |              8 |         1.60 |
|  design_1_wrapper_i/design_1_i/processing_system7_0/inst/FCLK_CLK0 | design_1_wrapper_i/design_1_i/transformer_axi_0/U0/transformer_axi_slave_lite_v1_0_S00_AXI_inst/slv_reg30[31]_i_1_n_0                                                                | design_1_wrapper_i/design_1_i/transformer_axi_0/U0/transformer_axi_slave_lite_v1_0_S00_AXI_inst/slv_reg1[0]_i_1_n_0                     |                4 |              8 |         2.00 |
|  design_1_wrapper_i/design_1_i/processing_system7_0/inst/FCLK_CLK0 | design_1_wrapper_i/design_1_i/transformer_axi_0/U0/transformer_axi_slave_lite_v1_0_S00_AXI_inst/slv_reg32[23]_i_1_n_0                                                                | design_1_wrapper_i/design_1_i/transformer_axi_0/U0/transformer_axi_slave_lite_v1_0_S00_AXI_inst/slv_reg1[0]_i_1_n_0                     |                2 |              8 |         4.00 |
|  design_1_wrapper_i/design_1_i/processing_system7_0/inst/FCLK_CLK0 | design_1_wrapper_i/design_1_i/transformer_axi_0/U0/transformer_axi_slave_lite_v1_0_S00_AXI_inst/slv_reg32[15]_i_1_n_0                                                                | design_1_wrapper_i/design_1_i/transformer_axi_0/U0/transformer_axi_slave_lite_v1_0_S00_AXI_inst/slv_reg1[0]_i_1_n_0                     |                1 |              8 |         8.00 |
|  design_1_wrapper_i/design_1_i/processing_system7_0/inst/FCLK_CLK0 | design_1_wrapper_i/design_1_i/transformer_axi_0/U0/transformer_axi_slave_lite_v1_0_S00_AXI_inst/slv_reg32[31]_i_1_n_0                                                                | design_1_wrapper_i/design_1_i/transformer_axi_0/U0/transformer_axi_slave_lite_v1_0_S00_AXI_inst/slv_reg1[0]_i_1_n_0                     |                2 |              8 |         4.00 |
|  design_1_wrapper_i/design_1_i/processing_system7_0/inst/FCLK_CLK0 | design_1_wrapper_i/design_1_i/transformer_axi_0/U0/transformer_axi_slave_lite_v1_0_S00_AXI_inst/slv_reg31[15]_i_1_n_0                                                                | design_1_wrapper_i/design_1_i/transformer_axi_0/U0/transformer_axi_slave_lite_v1_0_S00_AXI_inst/slv_reg1[0]_i_1_n_0                     |                5 |              8 |         1.60 |
|  design_1_wrapper_i/design_1_i/processing_system7_0/inst/FCLK_CLK0 | design_1_wrapper_i/design_1_i/transformer_axi_0/U0/transformer_axi_slave_lite_v1_0_S00_AXI_inst/slv_reg24[15]_i_1_n_0                                                                | design_1_wrapper_i/design_1_i/transformer_axi_0/U0/transformer_axi_slave_lite_v1_0_S00_AXI_inst/slv_reg1[0]_i_1_n_0                     |                2 |              8 |         4.00 |
|  design_1_wrapper_i/design_1_i/processing_system7_0/inst/FCLK_CLK0 | design_1_wrapper_i/design_1_i/axi_smc/inst/s00_entry_pipeline/s00_mmu/inst/gen_endpoint.decerr_slave_inst/gen_axi.gen_read.read_cnt[7]_i_1_n_0                                       | design_1_wrapper_i/design_1_i/axi_smc/inst/s00_entry_pipeline/s00_mmu/inst/areset                                                       |                3 |              8 |         2.67 |
|  design_1_wrapper_i/design_1_i/processing_system7_0/inst/FCLK_CLK0 | design_1_wrapper_i/design_1_i/transformer_axi_0/U0/transformer_axi_slave_lite_v1_0_S00_AXI_inst/slv_reg31[7]_i_1_n_0                                                                 | design_1_wrapper_i/design_1_i/transformer_axi_0/U0/transformer_axi_slave_lite_v1_0_S00_AXI_inst/slv_reg1[0]_i_1_n_0                     |                5 |              8 |         1.60 |
|  design_1_wrapper_i/design_1_i/processing_system7_0/inst/FCLK_CLK0 | design_1_wrapper_i/design_1_i/transformer_axi_0/U0/transformer_axi_slave_lite_v1_0_S00_AXI_inst/slv_reg23[15]_i_1_n_0                                                                | design_1_wrapper_i/design_1_i/transformer_axi_0/U0/transformer_axi_slave_lite_v1_0_S00_AXI_inst/slv_reg1[0]_i_1_n_0                     |                6 |              8 |         1.33 |
|  design_1_wrapper_i/design_1_i/processing_system7_0/inst/FCLK_CLK0 | design_1_wrapper_i/design_1_i/transformer_axi_0/U0/transformer_axi_slave_lite_v1_0_S00_AXI_inst/slv_reg31[31]_i_1_n_0                                                                | design_1_wrapper_i/design_1_i/transformer_axi_0/U0/transformer_axi_slave_lite_v1_0_S00_AXI_inst/slv_reg1[0]_i_1_n_0                     |                5 |              8 |         1.60 |
|  design_1_wrapper_i/design_1_i/processing_system7_0/inst/FCLK_CLK0 | design_1_wrapper_i/design_1_i/transformer_axi_0/U0/transformer_axi_slave_lite_v1_0_S00_AXI_inst/slv_reg32[7]_i_1_n_0                                                                 | design_1_wrapper_i/design_1_i/transformer_axi_0/U0/transformer_axi_slave_lite_v1_0_S00_AXI_inst/slv_reg1[0]_i_1_n_0                     |                1 |              8 |         8.00 |
|  design_1_wrapper_i/design_1_i/processing_system7_0/inst/FCLK_CLK0 | design_1_wrapper_i/design_1_i/transformer_axi_0/U0/transformer_axi_slave_lite_v1_0_S00_AXI_inst/slv_reg23[31]_i_1_n_0                                                                | design_1_wrapper_i/design_1_i/transformer_axi_0/U0/transformer_axi_slave_lite_v1_0_S00_AXI_inst/slv_reg1[0]_i_1_n_0                     |                1 |              8 |         8.00 |
|  design_1_wrapper_i/design_1_i/processing_system7_0/inst/FCLK_CLK0 | design_1_wrapper_i/design_1_i/axi_smc/inst/s00_entry_pipeline/s00_si_converter/inst/gen_axilite_conv.axilite_conv_inst/aw_addr[7]_i_1_n_0                                            | design_1_wrapper_i/design_1_i/axi_smc/inst/s00_entry_pipeline/s00_si_converter/inst/areset                                              |                2 |              8 |         4.00 |
|  design_1_wrapper_i/design_1_i/processing_system7_0/inst/FCLK_CLK0 | design_1_wrapper_i/design_1_i/transformer_axi_0/U0/transformer_axi_slave_lite_v1_0_S00_AXI_inst/slv_reg33[15]_i_1_n_0                                                                | design_1_wrapper_i/design_1_i/transformer_axi_0/U0/transformer_axi_slave_lite_v1_0_S00_AXI_inst/slv_reg1[0]_i_1_n_0                     |                2 |              8 |         4.00 |
|  design_1_wrapper_i/design_1_i/processing_system7_0/inst/FCLK_CLK0 | design_1_wrapper_i/design_1_i/transformer_axi_0/U0/transformer_axi_slave_lite_v1_0_S00_AXI_inst/slv_reg33[23]_i_1_n_0                                                                | design_1_wrapper_i/design_1_i/transformer_axi_0/U0/transformer_axi_slave_lite_v1_0_S00_AXI_inst/slv_reg1[0]_i_1_n_0                     |                2 |              8 |         4.00 |
|  design_1_wrapper_i/design_1_i/processing_system7_0/inst/FCLK_CLK0 | design_1_wrapper_i/design_1_i/transformer_axi_0/U0/transformer_axi_slave_lite_v1_0_S00_AXI_inst/slv_reg33[31]_i_1_n_0                                                                | design_1_wrapper_i/design_1_i/transformer_axi_0/U0/transformer_axi_slave_lite_v1_0_S00_AXI_inst/slv_reg1[0]_i_1_n_0                     |                3 |              8 |         2.67 |
|  design_1_wrapper_i/design_1_i/processing_system7_0/inst/FCLK_CLK0 | design_1_wrapper_i/design_1_i/axi_smc/inst/s00_entry_pipeline/s00_si_converter/inst/gen_axilite_conv.axilite_conv_inst/r_beats[7]_i_1_n_0                                            | design_1_wrapper_i/design_1_i/axi_smc/inst/s00_entry_pipeline/s00_si_converter/inst/areset                                              |                3 |              8 |         2.67 |
|  design_1_wrapper_i/design_1_i/processing_system7_0/inst/FCLK_CLK0 | design_1_wrapper_i/design_1_i/transformer_axi_0/U0/transformer_axi_slave_lite_v1_0_S00_AXI_inst/slv_reg23[7]_i_1_n_0                                                                 | design_1_wrapper_i/design_1_i/transformer_axi_0/U0/transformer_axi_slave_lite_v1_0_S00_AXI_inst/slv_reg1[0]_i_1_n_0                     |                2 |              8 |         4.00 |
|  design_1_wrapper_i/design_1_i/processing_system7_0/inst/FCLK_CLK0 | design_1_wrapper_i/design_1_i/transformer_axi_0/U0/transformer_axi_slave_lite_v1_0_S00_AXI_inst/slv_reg33[7]_i_1_n_0                                                                 | design_1_wrapper_i/design_1_i/transformer_axi_0/U0/transformer_axi_slave_lite_v1_0_S00_AXI_inst/slv_reg1[0]_i_1_n_0                     |                2 |              8 |         4.00 |
|  design_1_wrapper_i/design_1_i/processing_system7_0/inst/FCLK_CLK0 | design_1_wrapper_i/design_1_i/transformer_axi_0/U0/transformer_axi_slave_lite_v1_0_S00_AXI_inst/p_1_in[7]                                                                            | design_1_wrapper_i/design_1_i/transformer_axi_0/U0/transformer_axi_slave_lite_v1_0_S00_AXI_inst/slv_reg1[0]_i_1_n_0                     |                4 |              8 |         2.00 |
|  design_1_wrapper_i/design_1_i/processing_system7_0/inst/FCLK_CLK0 | design_1_wrapper_i/design_1_i/transformer_axi_0/U0/transformer_axi_slave_lite_v1_0_S00_AXI_inst/p_1_in[23]                                                                           | design_1_wrapper_i/design_1_i/transformer_axi_0/U0/transformer_axi_slave_lite_v1_0_S00_AXI_inst/slv_reg1[0]_i_1_n_0                     |                3 |              8 |         2.67 |
|  design_1_wrapper_i/design_1_i/processing_system7_0/inst/FCLK_CLK0 | design_1_wrapper_i/design_1_i/transformer_axi_0/U0/transformer_axi_slave_lite_v1_0_S00_AXI_inst/p_1_in[31]                                                                           | design_1_wrapper_i/design_1_i/transformer_axi_0/U0/transformer_axi_slave_lite_v1_0_S00_AXI_inst/slv_reg1[0]_i_1_n_0                     |                2 |              8 |         4.00 |
|  design_1_wrapper_i/design_1_i/processing_system7_0/inst/FCLK_CLK0 | design_1_wrapper_i/design_1_i/transformer_axi_0/U0/transformer_axi_slave_lite_v1_0_S00_AXI_inst/p_1_in[15]                                                                           | design_1_wrapper_i/design_1_i/transformer_axi_0/U0/transformer_axi_slave_lite_v1_0_S00_AXI_inst/slv_reg1[0]_i_1_n_0                     |                3 |              8 |         2.67 |
|  design_1_wrapper_i/design_1_i/processing_system7_0/inst/FCLK_CLK0 | design_1_wrapper_i/design_1_i/transformer_axi_0/U0/transformer_axi_slave_lite_v1_0_S00_AXI_inst/axi_araddr[7]_i_1_n_0                                                                |                                                                                                                                         |                1 |              8 |         8.00 |
|  design_1_wrapper_i/design_1_i/processing_system7_0/inst/FCLK_CLK0 | design_1_wrapper_i/design_1_i/transformer_axi_0/U0/transformer_axi_slave_lite_v1_0_S00_AXI_inst/slv_reg31[23]_i_1_n_0                                                                | design_1_wrapper_i/design_1_i/transformer_axi_0/U0/transformer_axi_slave_lite_v1_0_S00_AXI_inst/slv_reg1[0]_i_1_n_0                     |                7 |              8 |         1.14 |
|  design_1_wrapper_i/design_1_i/processing_system7_0/inst/FCLK_CLK0 | design_1_wrapper_i/design_1_i/transformer_axi_0/U0/transformer_axi_slave_lite_v1_0_S00_AXI_inst/slv_reg18[23]_i_1_n_0                                                                | design_1_wrapper_i/design_1_i/transformer_axi_0/U0/transformer_axi_slave_lite_v1_0_S00_AXI_inst/slv_reg1[0]_i_1_n_0                     |                3 |              8 |         2.67 |
|  design_1_wrapper_i/design_1_i/processing_system7_0/inst/FCLK_CLK0 | design_1_wrapper_i/design_1_i/transformer_axi_0/U0/transformer_axi_slave_lite_v1_0_S00_AXI_inst/slv_reg18[7]_i_1_n_0                                                                 | design_1_wrapper_i/design_1_i/transformer_axi_0/U0/transformer_axi_slave_lite_v1_0_S00_AXI_inst/slv_reg1[0]_i_1_n_0                     |                3 |              8 |         2.67 |
|  design_1_wrapper_i/design_1_i/processing_system7_0/inst/FCLK_CLK0 | design_1_wrapper_i/design_1_i/transformer_axi_0/U0/transformer_axi_slave_lite_v1_0_S00_AXI_inst/slv_reg19[31]_i_1_n_0                                                                | design_1_wrapper_i/design_1_i/transformer_axi_0/U0/transformer_axi_slave_lite_v1_0_S00_AXI_inst/slv_reg1[0]_i_1_n_0                     |                2 |              8 |         4.00 |
|  design_1_wrapper_i/design_1_i/processing_system7_0/inst/FCLK_CLK0 | design_1_wrapper_i/design_1_i/transformer_axi_0/U0/transformer_axi_slave_lite_v1_0_S00_AXI_inst/slv_reg18[31]_i_1_n_0                                                                | design_1_wrapper_i/design_1_i/transformer_axi_0/U0/transformer_axi_slave_lite_v1_0_S00_AXI_inst/slv_reg1[0]_i_1_n_0                     |                6 |              8 |         1.33 |
|  design_1_wrapper_i/design_1_i/processing_system7_0/inst/FCLK_CLK0 | design_1_wrapper_i/design_1_i/transformer_axi_0/U0/transformer_axi_slave_lite_v1_0_S00_AXI_inst/slv_reg19[15]_i_1_n_0                                                                | design_1_wrapper_i/design_1_i/transformer_axi_0/U0/transformer_axi_slave_lite_v1_0_S00_AXI_inst/slv_reg1[0]_i_1_n_0                     |                2 |              8 |         4.00 |
|  design_1_wrapper_i/design_1_i/processing_system7_0/inst/FCLK_CLK0 | design_1_wrapper_i/design_1_i/transformer_axi_0/U0/transformer_axi_slave_lite_v1_0_S00_AXI_inst/slv_reg18[15]_i_1_n_0                                                                | design_1_wrapper_i/design_1_i/transformer_axi_0/U0/transformer_axi_slave_lite_v1_0_S00_AXI_inst/slv_reg1[0]_i_1_n_0                     |                1 |              8 |         8.00 |
|  design_1_wrapper_i/design_1_i/processing_system7_0/inst/FCLK_CLK0 | design_1_wrapper_i/design_1_i/transformer_axi_0/U0/transformer_axi_slave_lite_v1_0_S00_AXI_inst/slv_reg19[23]_i_1_n_0                                                                | design_1_wrapper_i/design_1_i/transformer_axi_0/U0/transformer_axi_slave_lite_v1_0_S00_AXI_inst/slv_reg1[0]_i_1_n_0                     |                5 |              8 |         1.60 |
|  design_1_wrapper_i/design_1_i/processing_system7_0/inst/FCLK_CLK0 | design_1_wrapper_i/design_1_i/transformer_axi_0/U0/transformer_axi_slave_lite_v1_0_S00_AXI_inst/slv_reg19[7]_i_1_n_0                                                                 | design_1_wrapper_i/design_1_i/transformer_axi_0/U0/transformer_axi_slave_lite_v1_0_S00_AXI_inst/slv_reg1[0]_i_1_n_0                     |                2 |              8 |         4.00 |
|  design_1_wrapper_i/design_1_i/processing_system7_0/inst/FCLK_CLK0 | design_1_wrapper_i/design_1_i/transformer_axi_0/U0/transformer_axi_slave_lite_v1_0_S00_AXI_inst/slv_reg20[15]_i_1_n_0                                                                | design_1_wrapper_i/design_1_i/transformer_axi_0/U0/transformer_axi_slave_lite_v1_0_S00_AXI_inst/slv_reg1[0]_i_1_n_0                     |                1 |              8 |         8.00 |
|  design_1_wrapper_i/design_1_i/processing_system7_0/inst/FCLK_CLK0 | design_1_wrapper_i/design_1_i/transformer_axi_0/U0/transformer_axi_slave_lite_v1_0_S00_AXI_inst/slv_reg20[23]_i_1_n_0                                                                | design_1_wrapper_i/design_1_i/transformer_axi_0/U0/transformer_axi_slave_lite_v1_0_S00_AXI_inst/slv_reg1[0]_i_1_n_0                     |                2 |              8 |         4.00 |
|  design_1_wrapper_i/design_1_i/processing_system7_0/inst/FCLK_CLK0 | design_1_wrapper_i/design_1_i/transformer_axi_0/U0/transformer_axi_slave_lite_v1_0_S00_AXI_inst/slv_reg20[31]_i_1_n_0                                                                | design_1_wrapper_i/design_1_i/transformer_axi_0/U0/transformer_axi_slave_lite_v1_0_S00_AXI_inst/slv_reg1[0]_i_1_n_0                     |                2 |              8 |         4.00 |
|  design_1_wrapper_i/design_1_i/processing_system7_0/inst/FCLK_CLK0 | design_1_wrapper_i/design_1_i/transformer_axi_0/U0/transformer_axi_slave_lite_v1_0_S00_AXI_inst/slv_reg20[7]_i_1_n_0                                                                 | design_1_wrapper_i/design_1_i/transformer_axi_0/U0/transformer_axi_slave_lite_v1_0_S00_AXI_inst/slv_reg1[0]_i_1_n_0                     |                2 |              8 |         4.00 |
|  design_1_wrapper_i/design_1_i/processing_system7_0/inst/FCLK_CLK0 | design_1_wrapper_i/design_1_i/transformer_axi_0/U0/transformer_axi_slave_lite_v1_0_S00_AXI_inst/slv_reg22[15]_i_1_n_0                                                                | design_1_wrapper_i/design_1_i/transformer_axi_0/U0/transformer_axi_slave_lite_v1_0_S00_AXI_inst/slv_reg1[0]_i_1_n_0                     |                1 |              8 |         8.00 |
|  design_1_wrapper_i/design_1_i/processing_system7_0/inst/FCLK_CLK0 | design_1_wrapper_i/design_1_i/transformer_axi_0/U0/transformer_axi_slave_lite_v1_0_S00_AXI_inst/slv_reg22[23]_i_1_n_0                                                                | design_1_wrapper_i/design_1_i/transformer_axi_0/U0/transformer_axi_slave_lite_v1_0_S00_AXI_inst/slv_reg1[0]_i_1_n_0                     |                5 |              8 |         1.60 |
|  design_1_wrapper_i/design_1_i/processing_system7_0/inst/FCLK_CLK0 | design_1_wrapper_i/design_1_i/transformer_axi_0/U0/transformer_axi_slave_lite_v1_0_S00_AXI_inst/slv_reg22[31]_i_1_n_0                                                                | design_1_wrapper_i/design_1_i/transformer_axi_0/U0/transformer_axi_slave_lite_v1_0_S00_AXI_inst/slv_reg1[0]_i_1_n_0                     |                3 |              8 |         2.67 |
|  design_1_wrapper_i/design_1_i/processing_system7_0/inst/FCLK_CLK0 | design_1_wrapper_i/design_1_i/transformer_axi_0/U0/transformer_axi_slave_lite_v1_0_S00_AXI_inst/slv_reg22[7]_i_1_n_0                                                                 | design_1_wrapper_i/design_1_i/transformer_axi_0/U0/transformer_axi_slave_lite_v1_0_S00_AXI_inst/slv_reg1[0]_i_1_n_0                     |                4 |              8 |         2.00 |
|  design_1_wrapper_i/design_1_i/processing_system7_0/inst/FCLK_CLK0 | design_1_wrapper_i/design_1_i/transformer_axi_0/U0/transformer_axi_slave_lite_v1_0_S00_AXI_inst/slv_reg21[15]_i_1_n_0                                                                | design_1_wrapper_i/design_1_i/transformer_axi_0/U0/transformer_axi_slave_lite_v1_0_S00_AXI_inst/slv_reg1[0]_i_1_n_0                     |                1 |              8 |         8.00 |
|  design_1_wrapper_i/design_1_i/processing_system7_0/inst/FCLK_CLK0 | design_1_wrapper_i/design_1_i/transformer_axi_0/U0/transformer_axi_slave_lite_v1_0_S00_AXI_inst/slv_reg21[23]_i_1_n_0                                                                | design_1_wrapper_i/design_1_i/transformer_axi_0/U0/transformer_axi_slave_lite_v1_0_S00_AXI_inst/slv_reg1[0]_i_1_n_0                     |                2 |              8 |         4.00 |
|  design_1_wrapper_i/design_1_i/processing_system7_0/inst/FCLK_CLK0 | design_1_wrapper_i/design_1_i/transformer_axi_0/U0/transformer_axi_slave_lite_v1_0_S00_AXI_inst/slv_reg21[31]_i_1_n_0                                                                | design_1_wrapper_i/design_1_i/transformer_axi_0/U0/transformer_axi_slave_lite_v1_0_S00_AXI_inst/slv_reg1[0]_i_1_n_0                     |                2 |              8 |         4.00 |
|  design_1_wrapper_i/design_1_i/processing_system7_0/inst/FCLK_CLK0 | design_1_wrapper_i/design_1_i/transformer_axi_0/U0/transformer_axi_slave_lite_v1_0_S00_AXI_inst/slv_reg25[15]_i_1_n_0                                                                | design_1_wrapper_i/design_1_i/transformer_axi_0/U0/transformer_axi_slave_lite_v1_0_S00_AXI_inst/slv_reg1[0]_i_1_n_0                     |                6 |              8 |         1.33 |
|  design_1_wrapper_i/design_1_i/processing_system7_0/inst/FCLK_CLK0 | design_1_wrapper_i/design_1_i/transformer_axi_0/U0/transformer_axi_slave_lite_v1_0_S00_AXI_inst/slv_reg24[31]_i_1_n_0                                                                | design_1_wrapper_i/design_1_i/transformer_axi_0/U0/transformer_axi_slave_lite_v1_0_S00_AXI_inst/slv_reg1[0]_i_1_n_0                     |                2 |              8 |         4.00 |
|  design_1_wrapper_i/design_1_i/processing_system7_0/inst/FCLK_CLK0 | design_1_wrapper_i/design_1_i/transformer_axi_0/U0/transformer_axi_slave_lite_v1_0_S00_AXI_inst/slv_reg24[23]_i_1_n_0                                                                | design_1_wrapper_i/design_1_i/transformer_axi_0/U0/transformer_axi_slave_lite_v1_0_S00_AXI_inst/slv_reg1[0]_i_1_n_0                     |                2 |              8 |         4.00 |
|  design_1_wrapper_i/design_1_i/processing_system7_0/inst/FCLK_CLK0 | design_1_wrapper_i/design_1_i/transformer_axi_0/U0/transformer_axi_slave_lite_v1_0_S00_AXI_inst/slv_reg25[23]_i_1_n_0                                                                | design_1_wrapper_i/design_1_i/transformer_axi_0/U0/transformer_axi_slave_lite_v1_0_S00_AXI_inst/slv_reg1[0]_i_1_n_0                     |                1 |              8 |         8.00 |
|  design_1_wrapper_i/design_1_i/processing_system7_0/inst/FCLK_CLK0 | design_1_wrapper_i/design_1_i/transformer_axi_0/U0/transformer_axi_slave_lite_v1_0_S00_AXI_inst/slv_reg24[7]_i_1_n_0                                                                 | design_1_wrapper_i/design_1_i/transformer_axi_0/U0/transformer_axi_slave_lite_v1_0_S00_AXI_inst/slv_reg1[0]_i_1_n_0                     |                6 |              8 |         1.33 |
|  design_1_wrapper_i/design_1_i/processing_system7_0/inst/FCLK_CLK0 | design_1_wrapper_i/design_1_i/transformer_axi_0/U0/transformer_axi_slave_lite_v1_0_S00_AXI_inst/slv_reg25[31]_i_1_n_0                                                                | design_1_wrapper_i/design_1_i/transformer_axi_0/U0/transformer_axi_slave_lite_v1_0_S00_AXI_inst/slv_reg1[0]_i_1_n_0                     |                3 |              8 |         2.67 |
|  design_1_wrapper_i/design_1_i/processing_system7_0/inst/FCLK_CLK0 | design_1_wrapper_i/design_1_i/transformer_axi_0/U0/transformer_axi_slave_lite_v1_0_S00_AXI_inst/slv_reg25[7]_i_1_n_0                                                                 | design_1_wrapper_i/design_1_i/transformer_axi_0/U0/transformer_axi_slave_lite_v1_0_S00_AXI_inst/slv_reg1[0]_i_1_n_0                     |                6 |              8 |         1.33 |
|  design_1_wrapper_i/design_1_i/processing_system7_0/inst/FCLK_CLK0 | design_1_wrapper_i/design_1_i/transformer_axi_0/U0/transformer_axi_slave_lite_v1_0_S00_AXI_inst/slv_reg27[31]_i_1_n_0                                                                | design_1_wrapper_i/design_1_i/transformer_axi_0/U0/transformer_axi_slave_lite_v1_0_S00_AXI_inst/slv_reg1[0]_i_1_n_0                     |                3 |              8 |         2.67 |
|  design_1_wrapper_i/design_1_i/processing_system7_0/inst/FCLK_CLK0 | design_1_wrapper_i/design_1_i/transformer_axi_0/U0/transformer_axi_slave_lite_v1_0_S00_AXI_inst/slv_reg26[31]_i_1_n_0                                                                | design_1_wrapper_i/design_1_i/transformer_axi_0/U0/transformer_axi_slave_lite_v1_0_S00_AXI_inst/slv_reg1[0]_i_1_n_0                     |                1 |              8 |         8.00 |
|  design_1_wrapper_i/design_1_i/processing_system7_0/inst/FCLK_CLK0 | design_1_wrapper_i/design_1_i/transformer_axi_0/U0/transformer_axi_slave_lite_v1_0_S00_AXI_inst/slv_reg26[23]_i_1_n_0                                                                | design_1_wrapper_i/design_1_i/transformer_axi_0/U0/transformer_axi_slave_lite_v1_0_S00_AXI_inst/slv_reg1[0]_i_1_n_0                     |                4 |              8 |         2.00 |
|  design_1_wrapper_i/design_1_i/processing_system7_0/inst/FCLK_CLK0 | design_1_wrapper_i/design_1_i/transformer_axi_0/U0/transformer_axi_slave_lite_v1_0_S00_AXI_inst/slv_reg26[7]_i_1_n_0                                                                 | design_1_wrapper_i/design_1_i/transformer_axi_0/U0/transformer_axi_slave_lite_v1_0_S00_AXI_inst/slv_reg1[0]_i_1_n_0                     |                4 |              8 |         2.00 |
|  design_1_wrapper_i/design_1_i/processing_system7_0/inst/FCLK_CLK0 | design_1_wrapper_i/design_1_i/transformer_axi_0/U0/transformer_axi_slave_lite_v1_0_S00_AXI_inst/slv_reg27[15]_i_1_n_0                                                                | design_1_wrapper_i/design_1_i/transformer_axi_0/U0/transformer_axi_slave_lite_v1_0_S00_AXI_inst/slv_reg1[0]_i_1_n_0                     |                1 |              8 |         8.00 |
|  design_1_wrapper_i/design_1_i/processing_system7_0/inst/FCLK_CLK0 | design_1_wrapper_i/design_1_i/axi_smc/inst/s00_entry_pipeline/s00_si_converter/inst/gen_axilite_conv.axilite_conv_inst/b_cnt                                                         | design_1_wrapper_i/design_1_i/axi_smc/inst/s00_entry_pipeline/s00_si_converter/inst/gen_axilite_conv.axilite_conv_inst/b_cnt[8]_i_1_n_0 |                4 |              9 |         2.25 |
|  design_1_wrapper_i/design_1_i/processing_system7_0/inst/FCLK_CLK0 | design_1_wrapper_i/design_1_i/axi_smc/inst/s00_entry_pipeline/s00_si_converter/inst/gen_axilite_conv.axilite_conv_inst/ar_cnt[8]_i_1_n_0                                             | design_1_wrapper_i/design_1_i/axi_smc/inst/s00_entry_pipeline/s00_si_converter/inst/areset                                              |                3 |              9 |         3.00 |
|  design_1_wrapper_i/design_1_i/processing_system7_0/inst/FCLK_CLK0 | design_1_wrapper_i/design_1_i/axi_smc/inst/s00_entry_pipeline/s00_si_converter/inst/gen_axilite_conv.axilite_conv_inst/m_aruser                                                      | design_1_wrapper_i/design_1_i/axi_smc/inst/s00_entry_pipeline/s00_si_converter/inst/areset                                              |                2 |              9 |         4.50 |
|  design_1_wrapper_i/design_1_i/processing_system7_0/inst/FCLK_CLK0 | design_1_wrapper_i/design_1_i/axi_smc/inst/s00_entry_pipeline/s00_si_converter/inst/gen_axilite_conv.axilite_conv_inst/w_cnt[8]_i_1_n_0                                              | design_1_wrapper_i/design_1_i/axi_smc/inst/s00_entry_pipeline/s00_si_converter/inst/areset                                              |                2 |              9 |         4.50 |
|  design_1_wrapper_i/design_1_i/processing_system7_0/inst/FCLK_CLK0 |                                                                                                                                                                                      | design_1_wrapper_i/design_1_i/transformer_axi_0/U0/transformer_axi_slave_lite_v1_0_S00_AXI_inst/slv_reg1[0]_i_1_n_0                     |                4 |             10 |         2.50 |
|  design_1_wrapper_i/design_1_i/processing_system7_0/inst/FCLK_CLK0 | design_1_wrapper_i/design_1_i/axi_smc/inst/s00_entry_pipeline/s00_mmu/inst/gen_endpoint.decerr_slave_inst/gen_axi.gen_read.s_axi_rvalid_i                                            | design_1_wrapper_i/design_1_i/axi_smc/inst/s00_entry_pipeline/s00_mmu/inst/areset                                                       |                2 |             12 |         6.00 |
|  design_1_wrapper_i/design_1_i/processing_system7_0/inst/FCLK_CLK0 | design_1_wrapper_i/design_1_i/axi_smc/inst/s00_entry_pipeline/s00_transaction_regulator/inst/gen_endpoint.gen_r_singleorder.r_singleorder/gen_id_reg.s_rid_i0                        |                                                                                                                                         |                4 |             12 |         3.00 |
|  design_1_wrapper_i/design_1_i/processing_system7_0/inst/FCLK_CLK0 | design_1_wrapper_i/design_1_i/axi_smc/inst/s00_entry_pipeline/s00_transaction_regulator/inst/gen_endpoint.gen_w_singleorder.w_singleorder/gen_id_reg.s_rid_i0                        |                                                                                                                                         |                4 |             12 |         3.00 |
|  design_1_wrapper_i/design_1_i/processing_system7_0/inst/FCLK_CLK0 | design_1_wrapper_i/design_1_i/axi_smc/inst/s00_entry_pipeline/s00_mmu/inst/gen_endpoint.decerr_slave_inst/gen_axi.gen_write.s_axi_bid_i[11]_i_1_n_0                                  | design_1_wrapper_i/design_1_i/axi_smc/inst/s00_entry_pipeline/s00_mmu/inst/areset                                                       |                3 |             12 |         4.00 |
|  design_1_wrapper_i/design_1_i/processing_system7_0/inst/FCLK_CLK0 | attention_score_i/S_reg[1,1][15]_i_1_n_0                                                                                                                                             |                                                                                                                                         |                6 |             16 |         2.67 |
|  design_1_wrapper_i/design_1_i/processing_system7_0/inst/FCLK_CLK0 | attention_score_i/S_reg[2,2][15]_i_1_n_0                                                                                                                                             |                                                                                                                                         |                4 |             16 |         4.00 |
|  design_1_wrapper_i/design_1_i/processing_system7_0/inst/FCLK_CLK0 | attention_score_i/S_reg[3,3][15]_i_1_n_0                                                                                                                                             |                                                                                                                                         |                5 |             16 |         3.20 |
|  design_1_wrapper_i/design_1_i/processing_system7_0/inst/FCLK_CLK0 | attention_score_i/S_reg[0,0][15]_i_1_n_0                                                                                                                                             |                                                                                                                                         |                8 |             16 |         2.00 |
|  design_1_wrapper_i/design_1_i/processing_system7_0/inst/FCLK_CLK0 | attention_score_i/S_reg[1,0][15]_i_1_n_0                                                                                                                                             |                                                                                                                                         |                9 |             16 |         1.78 |
|  design_1_wrapper_i/design_1_i/processing_system7_0/inst/FCLK_CLK0 | attention_score_i/S_reg[2,0][15]_i_1_n_0                                                                                                                                             |                                                                                                                                         |               11 |             16 |         1.45 |
|  design_1_wrapper_i/design_1_i/processing_system7_0/inst/FCLK_CLK0 | attention_score_i/S_reg[2,1][15]_i_1_n_0                                                                                                                                             |                                                                                                                                         |                8 |             16 |         2.00 |
|  design_1_wrapper_i/design_1_i/processing_system7_0/inst/FCLK_CLK0 | attention_score_i/S_reg[0,1][15]_i_1_n_0                                                                                                                                             |                                                                                                                                         |                3 |             16 |         5.33 |
|  design_1_wrapper_i/design_1_i/processing_system7_0/inst/FCLK_CLK0 | attention_score_i/S_reg[0,2][15]_i_1_n_0                                                                                                                                             |                                                                                                                                         |                5 |             16 |         3.20 |
|  design_1_wrapper_i/design_1_i/processing_system7_0/inst/FCLK_CLK0 | attention_score_i/S_reg[1,3][15]_i_1_n_0                                                                                                                                             |                                                                                                                                         |                8 |             16 |         2.00 |
|  design_1_wrapper_i/design_1_i/processing_system7_0/inst/FCLK_CLK0 | attention_score_i/S_reg[1,2][15]_i_1_n_0                                                                                                                                             |                                                                                                                                         |                5 |             16 |         3.20 |
|  design_1_wrapper_i/design_1_i/processing_system7_0/inst/FCLK_CLK0 | attention_score_i/S_reg[2,3][15]_i_1_n_0                                                                                                                                             |                                                                                                                                         |                6 |             16 |         2.67 |
|  design_1_wrapper_i/design_1_i/processing_system7_0/inst/FCLK_CLK0 | attention_score_i/S_reg[3,1][15]_i_1_n_0                                                                                                                                             |                                                                                                                                         |                9 |             16 |         1.78 |
|  design_1_wrapper_i/design_1_i/processing_system7_0/inst/FCLK_CLK0 | attention_score_i/S_reg[3,2][15]_i_1_n_0                                                                                                                                             |                                                                                                                                         |                6 |             16 |         2.67 |
|  design_1_wrapper_i/design_1_i/processing_system7_0/inst/FCLK_CLK0 | attention_score_i/S_reg[0,3][15]_i_1_n_0                                                                                                                                             |                                                                                                                                         |                8 |             16 |         2.00 |
|  design_1_wrapper_i/design_1_i/processing_system7_0/inst/FCLK_CLK0 | attention_score_i/S_reg[3,0][15]_i_1_n_0                                                                                                                                             |                                                                                                                                         |               13 |             16 |         1.23 |
|  design_1_wrapper_i/design_1_i/processing_system7_0/inst/FCLK_CLK0 |                                                                                                                                                                                      | design_1_wrapper_i/design_1_i/axi_smc/inst/s00_entry_pipeline/s00_si_converter/inst/areset                                              |               11 |             20 |         1.82 |
|  design_1_wrapper_i/design_1_i/processing_system7_0/inst/FCLK_CLK0 | design_1_wrapper_i/design_1_i/axi_smc/inst/s00_entry_pipeline/s00_mmu/inst/aw_reg_stall/m_vector_i                                                                                   |                                                                                                                                         |                4 |             22 |         5.50 |
|  design_1_wrapper_i/design_1_i/processing_system7_0/inst/FCLK_CLK0 | design_1_wrapper_i/design_1_i/axi_smc/inst/s00_entry_pipeline/s00_mmu/inst/aw_reg_stall/skid_buffer[1068]_i_1_n_0                                                                    |                                                                                                                                         |                5 |             22 |         4.40 |
|  design_1_wrapper_i/design_1_i/processing_system7_0/inst/FCLK_CLK0 |                                                                                                                                                                                      | design_1_wrapper_i/design_1_i/axi_smc/inst/s00_entry_pipeline/s00_mmu/inst/areset                                                       |               11 |             23 |         2.09 |
|  design_1_wrapper_i/design_1_i/processing_system7_0/inst/FCLK_CLK0 | design_1_wrapper_i/design_1_i/axi_smc/inst/s00_entry_pipeline/s00_mmu/inst/ar_reg_stall/m_vector_i                                                                                   |                                                                                                                                         |                4 |             26 |         6.50 |
|  design_1_wrapper_i/design_1_i/processing_system7_0/inst/FCLK_CLK0 | design_1_wrapper_i/design_1_i/axi_smc/inst/s00_entry_pipeline/s00_mmu/inst/ar_reg_stall/skid_buffer[1128]_i_1_n_0                                                                    |                                                                                                                                         |                4 |             26 |         6.50 |
|  design_1_wrapper_i/design_1_i/processing_system7_0/inst/FCLK_CLK0 |                                                                                                                                                                                      | design_1_wrapper_i/rst                                                                                                                  |               10 |             27 |         2.70 |
|  design_1_wrapper_i/design_1_i/processing_system7_0/inst/FCLK_CLK0 | qkv_projector_i/Q_reg[3,2][15]_i_1_n_0                                                                                                                                               |                                                                                                                                         |               13 |             32 |         2.46 |
|  design_1_wrapper_i/design_1_i/processing_system7_0/inst/FCLK_CLK0 | qkv_projector_i/Q_reg[0,2][15]_i_1_n_0                                                                                                                                               |                                                                                                                                         |               12 |             32 |         2.67 |
|  design_1_wrapper_i/design_1_i/processing_system7_0/inst/FCLK_CLK0 | design_1_wrapper_i/design_1_i/axi_smc/inst/s00_entry_pipeline/s00_si_converter/inst/gen_axilite_conv.axilite_conv_inst/s_axi_rdata_i[31]_i_1_n_0                                     | design_1_wrapper_i/design_1_i/axi_smc/inst/s00_entry_pipeline/s00_si_converter/inst/areset                                              |                8 |             32 |         4.00 |
|  design_1_wrapper_i/design_1_i/processing_system7_0/inst/FCLK_CLK0 | qkv_projector_i/Q_reg[3,3][15]_i_1_n_0                                                                                                                                               |                                                                                                                                         |               17 |             32 |         1.88 |
|  design_1_wrapper_i/design_1_i/processing_system7_0/inst/FCLK_CLK0 | design_1_wrapper_i/design_1_i/axi_smc/inst/s00_nodes/s00_r_node/inst/inst_mi_handler/gen_normal_area.inst_fifo_node_payld/gen_reg_fifo.inst_reg_fifo/gen_single_rank.inst_cntr/E[0]  |                                                                                                                                         |               17 |             32 |         1.88 |
|  design_1_wrapper_i/design_1_i/processing_system7_0/inst/FCLK_CLK0 | qkv_projector_i/Q_reg[1,6][15]_i_1_n_0                                                                                                                                               |                                                                                                                                         |               14 |             32 |         2.29 |
|  design_1_wrapper_i/design_1_i/processing_system7_0/inst/FCLK_CLK0 | qkv_projector_i/Q_reg[2,2][15]_i_1_n_0                                                                                                                                               |                                                                                                                                         |               12 |             32 |         2.67 |
|  design_1_wrapper_i/design_1_i/processing_system7_0/inst/FCLK_CLK0 | qkv_projector_i/Q_reg[3,4][15]_i_1_n_0                                                                                                                                               |                                                                                                                                         |               15 |             32 |         2.13 |
|  design_1_wrapper_i/design_1_i/processing_system7_0/inst/FCLK_CLK0 | qkv_projector_i/Q_reg[1,3][15]_i_1_n_0                                                                                                                                               |                                                                                                                                         |               12 |             32 |         2.67 |
|  design_1_wrapper_i/design_1_i/processing_system7_0/inst/FCLK_CLK0 | qkv_projector_i/Q_reg[1,5][15]_i_1_n_0                                                                                                                                               |                                                                                                                                         |               15 |             32 |         2.13 |
|  design_1_wrapper_i/design_1_i/processing_system7_0/inst/FCLK_CLK0 | qkv_projector_i/Q_reg[3,6][15]_i_1_n_0                                                                                                                                               |                                                                                                                                         |               13 |             32 |         2.46 |
|  design_1_wrapper_i/design_1_i/processing_system7_0/inst/FCLK_CLK0 | qkv_projector_i/Q_reg[3,1][15]_i_1_n_0                                                                                                                                               |                                                                                                                                         |               17 |             32 |         1.88 |
|  design_1_wrapper_i/design_1_i/processing_system7_0/inst/FCLK_CLK0 | qkv_projector_i/Q_reg[0,3][15]_i_1_n_0                                                                                                                                               |                                                                                                                                         |               13 |             32 |         2.46 |
|  design_1_wrapper_i/design_1_i/processing_system7_0/inst/FCLK_CLK0 | qkv_projector_i/Q_reg[2,1][15]_i_1_n_0                                                                                                                                               |                                                                                                                                         |               10 |             32 |         3.20 |
|  design_1_wrapper_i/design_1_i/processing_system7_0/inst/FCLK_CLK0 | qkv_projector_i/Q_reg[3,5][15]_i_1_n_0                                                                                                                                               |                                                                                                                                         |               18 |             32 |         1.78 |
|  design_1_wrapper_i/design_1_i/processing_system7_0/inst/FCLK_CLK0 | qkv_projector_i/Q_reg[1,7][15]_i_1_n_0                                                                                                                                               |                                                                                                                                         |               13 |             32 |         2.46 |
|  design_1_wrapper_i/design_1_i/processing_system7_0/inst/FCLK_CLK0 | qkv_projector_i/Q_reg[0,5][15]_i_1_n_0                                                                                                                                               |                                                                                                                                         |               10 |             32 |         3.20 |
|  design_1_wrapper_i/design_1_i/processing_system7_0/inst/FCLK_CLK0 | qkv_projector_i/Q_reg[2,5][15]_i_1_n_0                                                                                                                                               |                                                                                                                                         |               14 |             32 |         2.29 |
|  design_1_wrapper_i/design_1_i/processing_system7_0/inst/FCLK_CLK0 | qkv_projector_i/Q_reg[1,0][15]_i_1_n_0                                                                                                                                               |                                                                                                                                         |               11 |             32 |         2.91 |
|  design_1_wrapper_i/design_1_i/processing_system7_0/inst/FCLK_CLK0 | qkv_projector_i/Q_reg[0,4][15]_i_1_n_0                                                                                                                                               |                                                                                                                                         |               10 |             32 |         3.20 |
|  design_1_wrapper_i/design_1_i/processing_system7_0/inst/FCLK_CLK0 | qkv_projector_i/Q_reg[0,7][15]_i_1_n_0                                                                                                                                               |                                                                                                                                         |               13 |             32 |         2.46 |
|  design_1_wrapper_i/design_1_i/processing_system7_0/inst/FCLK_CLK0 | qkv_projector_i/Q_reg[1,2][15]_i_1_n_0                                                                                                                                               |                                                                                                                                         |               12 |             32 |         2.67 |
|  design_1_wrapper_i/design_1_i/processing_system7_0/inst/FCLK_CLK0 | qkv_projector_i/Q_reg[1,4][15]_i_1_n_0                                                                                                                                               |                                                                                                                                         |               12 |             32 |         2.67 |
|  design_1_wrapper_i/design_1_i/processing_system7_0/inst/FCLK_CLK0 | qkv_projector_i/Q_reg[2,4][15]_i_1_n_0                                                                                                                                               |                                                                                                                                         |               11 |             32 |         2.91 |
|  design_1_wrapper_i/design_1_i/processing_system7_0/inst/FCLK_CLK0 | qkv_projector_i/Q_reg[2,3][15]_i_1_n_0                                                                                                                                               |                                                                                                                                         |               14 |             32 |         2.29 |
|  design_1_wrapper_i/design_1_i/processing_system7_0/inst/FCLK_CLK0 | qkv_projector_i/Q_reg[0,0][15]_i_1_n_0                                                                                                                                               |                                                                                                                                         |                9 |             32 |         3.56 |
|  design_1_wrapper_i/design_1_i/processing_system7_0/inst/FCLK_CLK0 | qkv_projector_i/Q_reg[0,1][15]_i_1_n_0                                                                                                                                               |                                                                                                                                         |               12 |             32 |         2.67 |
|  design_1_wrapper_i/design_1_i/processing_system7_0/inst/FCLK_CLK0 | qkv_projector_i/Q_reg[2,0][15]_i_1_n_0                                                                                                                                               |                                                                                                                                         |               11 |             32 |         2.91 |
|  design_1_wrapper_i/design_1_i/processing_system7_0/inst/FCLK_CLK0 | qkv_projector_i/Q_reg[2,6][15]_i_1_n_0                                                                                                                                               |                                                                                                                                         |               15 |             32 |         2.13 |
|  design_1_wrapper_i/design_1_i/processing_system7_0/inst/FCLK_CLK0 | qkv_projector_i/Q_reg[2,7][15]_i_1_n_0                                                                                                                                               |                                                                                                                                         |               14 |             32 |         2.29 |
|  design_1_wrapper_i/design_1_i/processing_system7_0/inst/FCLK_CLK0 | qkv_projector_i/Q_reg[3,0][15]_i_1_n_0                                                                                                                                               |                                                                                                                                         |               13 |             32 |         2.46 |
|  design_1_wrapper_i/design_1_i/processing_system7_0/inst/FCLK_CLK0 | qkv_projector_i/Q_reg[0,6][15]_i_1_n_0                                                                                                                                               |                                                                                                                                         |               13 |             32 |         2.46 |
|  design_1_wrapper_i/design_1_i/processing_system7_0/inst/FCLK_CLK0 | qkv_projector_i/Q_reg[3,7][15]_i_1_n_0                                                                                                                                               |                                                                                                                                         |               15 |             32 |         2.13 |
|  design_1_wrapper_i/design_1_i/processing_system7_0/inst/FCLK_CLK0 | qkv_projector_i/Q_reg[1,1][15]_i_1_n_0                                                                                                                                               |                                                                                                                                         |               11 |             32 |         2.91 |
|  design_1_wrapper_i/design_1_i/processing_system7_0/inst/FCLK_CLK0 | design_1_wrapper_i/design_1_i/axi_smc/inst/s00_nodes/s00_w_node/inst/inst_mi_handler/gen_normal_area.inst_fifo_node_payld/gen_reg_fifo.inst_reg_fifo/gen_single_rank.inst_cntr/E[0]  |                                                                                                                                         |               16 |             36 |         2.25 |
|  design_1_wrapper_i/design_1_i/processing_system7_0/inst/FCLK_CLK0 | qkv_projector_i/elem_cnt[3]_i_1_n_0                                                                                                                                                  | design_1_wrapper_i/rst                                                                                                                  |               13 |             36 |         2.77 |
|  design_1_wrapper_i/design_1_i/processing_system7_0/inst/FCLK_CLK0 | attention_score_i/elem_cnt[3]_i_1__0_n_0                                                                                                                                             | design_1_wrapper_i/rst                                                                                                                  |               11 |             52 |         4.73 |
|  design_1_wrapper_i/design_1_i/processing_system7_0/inst/FCLK_CLK0 |                                                                                                                                                                                      |                                                                                                                                         |               38 |            119 |         3.13 |
+--------------------------------------------------------------------+--------------------------------------------------------------------------------------------------------------------------------------------------------------------------------------+-----------------------------------------------------------------------------------------------------------------------------------------+------------------+----------------+--------------+


